This is pdfTeX, Version 3.14159265-2.6-1.40.17 (MiKTeX 2.9.6100 64-bit) (preloaded format=pdflatex 2016.12.13)  11 MAY 2017 14:14
entering extended mode
**./Continuous_longitudinal_data_II.tex
(Continuous_longitudinal_data_II.tex
LaTeX2e <2016/03/31> patch level 3
Babel <3.9r> and hyphenation patterns for 75 language(s) loaded.

("C:\Users\jrgonzalez\AppData\Local\Programs\MiKTeX 2.9\tex\latex\beamer\beamer
.cls"
Document Class: beamer 2017/01/01 v3.37 A class for typesetting presentations

("C:\Users\jrgonzalez\AppData\Local\Programs\MiKTeX 2.9\tex\latex\etoolbox\etoo
lbox.sty"
Package: etoolbox 2017/01/02 v2.4 e-TeX tools for LaTeX (JAW)
\etb@tempcnta=\count79
)
("C:\Users\jrgonzalez\AppData\Local\Programs\MiKTeX 2.9\tex\latex\beamer\beamer
basemodes.sty"
\beamer@tempbox=\box26
\beamer@tempcount=\count80
\c@beamerpauses=\count81

("C:\Users\jrgonzalez\AppData\Local\Programs\MiKTeX 2.9\tex\latex\beamer\beamer
basedecode.sty"
\beamer@slideinframe=\count82
\beamer@minimum=\count83
)
\beamer@commentbox=\box27
\beamer@modecount=\count84
)
("C:\Users\jrgonzalez\AppData\Local\Programs\MiKTeX 2.9\tex\generic\oberdiek\if
pdf.sty"
Package: ifpdf 2016/05/14 v3.1 Provides the ifpdf switch
)
\headheight=\dimen102
\headdp=\dimen103
\footheight=\dimen104
\sidebarheight=\dimen105
\beamer@tempdim=\dimen106
\beamer@finalheight=\dimen107
\beamer@animht=\dimen108
\beamer@animdp=\dimen109
\beamer@animwd=\dimen110
\beamer@leftmargin=\dimen111
\beamer@rightmargin=\dimen112
\beamer@leftsidebar=\dimen113
\beamer@rightsidebar=\dimen114
\beamer@boxsize=\dimen115
\beamer@vboxoffset=\dimen116
\beamer@descdefault=\dimen117
\beamer@descriptionwidth=\dimen118
\beamer@lastskip=\skip41
\beamer@areabox=\box28
\beamer@animcurrent=\box29
\beamer@animshowbox=\box30
\beamer@sectionbox=\box31
\beamer@logobox=\box32
\beamer@linebox=\box33
\beamer@sectioncount=\count85
\beamer@subsubsectionmax=\count86
\beamer@subsectionmax=\count87
\beamer@sectionmax=\count88
\beamer@totalheads=\count89
\beamer@headcounter=\count90
\beamer@partstartpage=\count91
\beamer@sectionstartpage=\count92
\beamer@subsectionstartpage=\count93
\beamer@animationtempa=\count94
\beamer@animationtempb=\count95
\beamer@xpos=\count96
\beamer@ypos=\count97
\beamer@showpartnumber=\count98
\beamer@currentsubsection=\count99
\beamer@coveringdepth=\count100
\beamer@sectionadjust=\count101
\beamer@tocsectionnumber=\count102

("C:\Users\jrgonzalez\AppData\Local\Programs\MiKTeX 2.9\tex\latex\beamer\beamer
baseoptions.sty"
("C:\Users\jrgonzalez\AppData\Local\Programs\MiKTeX 2.9\tex\latex\graphics\keyv
al.sty"
Package: keyval 2014/10/28 v1.15 key=value parser (DPC)
\KV@toks@=\toks14
))
\beamer@paperwidth=\skip42
\beamer@paperheight=\skip43

("C:\Users\jrgonzalez\AppData\Local\Programs\MiKTeX 2.9\tex\latex\geometry\geom
etry.sty"
Package: geometry 2010/09/12 v5.6 Page Geometry

("C:\Users\jrgonzalez\AppData\Local\Programs\MiKTeX 2.9\tex\generic\oberdiek\if
vtex.sty"
Package: ifvtex 2016/05/16 v1.6 Detect VTeX and its facilities (HO)
Package ifvtex Info: VTeX not detected.
)
("C:\Users\jrgonzalez\AppData\Local\Programs\MiKTeX 2.9\tex\generic\ifxetex\ifx
etex.sty"
Package: ifxetex 2010/09/12 v0.6 Provides ifxetex conditional
)
\Gm@cnth=\count103
\Gm@cntv=\count104
\c@Gm@tempcnt=\count105
\Gm@bindingoffset=\dimen119
\Gm@wd@mp=\dimen120
\Gm@odd@mp=\dimen121
\Gm@even@mp=\dimen122
\Gm@layoutwidth=\dimen123
\Gm@layoutheight=\dimen124
\Gm@layouthoffset=\dimen125
\Gm@layoutvoffset=\dimen126
\Gm@dimlist=\toks15

("C:\Users\jrgonzalez\AppData\Local\Programs\MiKTeX 2.9\tex\latex\geometry\geom
etry.cfg"))
("C:\Users\jrgonzalez\AppData\Local\Programs\MiKTeX 2.9\tex\latex\base\size10.c
lo"
File: size10.clo 2014/09/29 v1.4h Standard LaTeX file (size option)
)
("C:\Users\jrgonzalez\AppData\Local\Programs\MiKTeX 2.9\tex\latex\pgf\basiclaye
r\pgfcore.sty"
("C:\Users\jrgonzalez\AppData\Local\Programs\MiKTeX 2.9\tex\latex\graphics\grap
hicx.sty"
Package: graphicx 2014/10/28 v1.0g Enhanced LaTeX Graphics (DPC,SPQR)

("C:\Users\jrgonzalez\AppData\Local\Programs\MiKTeX 2.9\tex\latex\graphics\grap
hics.sty"
Package: graphics 2016/07/10 v1.0t Standard LaTeX Graphics (DPC,SPQR)

("C:\Users\jrgonzalez\AppData\Local\Programs\MiKTeX 2.9\tex\latex\graphics\trig
.sty"
Package: trig 2016/01/03 v1.10 sin cos tan (DPC)
)
("C:\Users\jrgonzalez\AppData\Local\Programs\MiKTeX 2.9\tex\latex\graphics-cfg\
graphics.cfg"
File: graphics.cfg 2016/06/04 v1.11 sample graphics configuration
)
Package graphics Info: Driver file: pdftex.def on input line 99.

("C:\Users\jrgonzalez\AppData\Local\Programs\MiKTeX 2.9\tex\latex\graphics-def\
pdftex.def"
File: pdftex.def 2016/07/10 v0.06j Graphics/color for pdfTeX

("C:\Users\jrgonzalez\AppData\Local\Programs\MiKTeX 2.9\tex\generic\oberdiek\in
fwarerr.sty"
Package: infwarerr 2016/05/16 v1.4 Providing info/warning/error messages (HO)
)
("C:\Users\jrgonzalez\AppData\Local\Programs\MiKTeX 2.9\tex\generic\oberdiek\lt
xcmds.sty"
Package: ltxcmds 2016/05/16 v1.23 LaTeX kernel commands for general use (HO)
)
\Gread@gobject=\count106
))
\Gin@req@height=\dimen127
\Gin@req@width=\dimen128
)
("C:\Users\jrgonzalez\AppData\Local\Programs\MiKTeX 2.9\tex\latex\pgf\systemlay
er\pgfsys.sty"
("C:\Users\jrgonzalez\AppData\Local\Programs\MiKTeX 2.9\tex\latex\pgf\utilities
\pgfrcs.sty"
("C:\Users\jrgonzalez\AppData\Local\Programs\MiKTeX 2.9\tex\generic\pgf\utiliti
es\pgfutil-common.tex"
\pgfutil@everybye=\toks16
\pgfutil@tempdima=\dimen129
\pgfutil@tempdimb=\dimen130

("C:\Users\jrgonzalez\AppData\Local\Programs\MiKTeX 2.9\tex\generic\pgf\utiliti
es\pgfutil-common-lists.tex"))
("C:\Users\jrgonzalez\AppData\Local\Programs\MiKTeX 2.9\tex\generic\pgf\utiliti
es\pgfutil-latex.def"
\pgfutil@abb=\box34

("C:\Users\jrgonzalez\AppData\Local\Programs\MiKTeX 2.9\tex\latex\ms\everyshi.s
ty"
Package: everyshi 2001/05/15 v3.00 EveryShipout Package (MS)
))
("C:\Users\jrgonzalez\AppData\Local\Programs\MiKTeX 2.9\tex\generic\pgf\utiliti
es\pgfrcs.code.tex"
Package: pgfrcs 2015/08/07 v3.0.1a (rcs-revision 1.31)
))
("C:\Users\jrgonzalez\AppData\Local\Programs\MiKTeX 2.9\tex\generic\pgf\systeml
ayer\pgfsys.code.tex"
Package: pgfsys 2014/07/09 v3.0.1a (rcs-revision 1.48)

("C:\Users\jrgonzalez\AppData\Local\Programs\MiKTeX 2.9\tex\generic\pgf\utiliti
es\pgfkeys.code.tex"
\pgfkeys@pathtoks=\toks17
\pgfkeys@temptoks=\toks18

("C:\Users\jrgonzalez\AppData\Local\Programs\MiKTeX 2.9\tex\generic\pgf\utiliti
es\pgfkeysfiltered.code.tex"
\pgfkeys@tmptoks=\toks19
))
\pgf@x=\dimen131
\pgf@y=\dimen132
\pgf@xa=\dimen133
\pgf@ya=\dimen134
\pgf@xb=\dimen135
\pgf@yb=\dimen136
\pgf@xc=\dimen137
\pgf@yc=\dimen138
\w@pgf@writea=\write3
\r@pgf@reada=\read1
\c@pgf@counta=\count107
\c@pgf@countb=\count108
\c@pgf@countc=\count109
\c@pgf@countd=\count110
\t@pgf@toka=\toks20
\t@pgf@tokb=\toks21
\t@pgf@tokc=\toks22

("C:\Users\jrgonzalez\AppData\Local\Programs\MiKTeX 2.9\tex\generic\pgf\systeml
ayer\pgf.cfg"
File: pgf.cfg 2008/05/14  (rcs-revision 1.7)
)
Driver file for pgf: pgfsys-pdftex.def

("C:\Users\jrgonzalez\AppData\Local\Programs\MiKTeX 2.9\tex\generic\pgf\systeml
ayer\pgfsys-pdftex.def"
File: pgfsys-pdftex.def 2014/10/11  (rcs-revision 1.35)

("C:\Users\jrgonzalez\AppData\Local\Programs\MiKTeX 2.9\tex\generic\pgf\systeml
ayer\pgfsys-common-pdf.def"
File: pgfsys-common-pdf.def 2013/10/10  (rcs-revision 1.13)
)))
("C:\Users\jrgonzalez\AppData\Local\Programs\MiKTeX 2.9\tex\generic\pgf\systeml
ayer\pgfsyssoftpath.code.tex"
File: pgfsyssoftpath.code.tex 2013/09/09  (rcs-revision 1.9)
\pgfsyssoftpath@smallbuffer@items=\count111
\pgfsyssoftpath@bigbuffer@items=\count112
)
("C:\Users\jrgonzalez\AppData\Local\Programs\MiKTeX 2.9\tex\generic\pgf\systeml
ayer\pgfsysprotocol.code.tex"
File: pgfsysprotocol.code.tex 2006/10/16  (rcs-revision 1.4)
))
("C:\Users\jrgonzalez\AppData\Local\Programs\MiKTeX 2.9\tex\latex\xcolor\xcolor
.sty"
Package: xcolor 2016/05/11 v2.12 LaTeX color extensions (UK)

("C:\Users\jrgonzalez\AppData\Local\Programs\MiKTeX 2.9\tex\latex\graphics-cfg\
color.cfg"
File: color.cfg 2016/01/02 v1.6 sample color configuration
)
Package xcolor Info: Driver file: pdftex.def on input line 225.
Package xcolor Info: Model `cmy' substituted by `cmy0' on input line 1348.
Package xcolor Info: Model `hsb' substituted by `rgb' on input line 1352.
Package xcolor Info: Model `RGB' extended on input line 1364.
Package xcolor Info: Model `HTML' substituted by `rgb' on input line 1366.
Package xcolor Info: Model `Hsb' substituted by `hsb' on input line 1367.
Package xcolor Info: Model `tHsb' substituted by `hsb' on input line 1368.
Package xcolor Info: Model `HSB' substituted by `hsb' on input line 1369.
Package xcolor Info: Model `Gray' substituted by `gray' on input line 1370.
Package xcolor Info: Model `wave' substituted by `hsb' on input line 1371.

("C:\Users\jrgonzalez\AppData\Local\Programs\MiKTeX 2.9\tex\latex\graphics\dvip
snam.def"
File: dvipsnam.def 2016/06/17 v3.0m Driver-dependent file (DPC,SPQR)
))
("C:\Users\jrgonzalez\AppData\Local\Programs\MiKTeX 2.9\tex\generic\pgf\basicla
yer\pgfcore.code.tex"
Package: pgfcore 2010/04/11 v3.0.1a (rcs-revision 1.7)

("C:\Users\jrgonzalez\AppData\Local\Programs\MiKTeX 2.9\tex\generic\pgf\math\pg
fmath.code.tex"
("C:\Users\jrgonzalez\AppData\Local\Programs\MiKTeX 2.9\tex\generic\pgf\math\pg
fmathcalc.code.tex"
("C:\Users\jrgonzalez\AppData\Local\Programs\MiKTeX 2.9\tex\generic\pgf\math\pg
fmathutil.code.tex")
("C:\Users\jrgonzalez\AppData\Local\Programs\MiKTeX 2.9\tex\generic\pgf\math\pg
fmathparser.code.tex"
\pgfmath@dimen=\dimen139
\pgfmath@count=\count113
\pgfmath@box=\box35
\pgfmath@toks=\toks23
\pgfmath@stack@operand=\toks24
\pgfmath@stack@operation=\toks25
)
("C:\Users\jrgonzalez\AppData\Local\Programs\MiKTeX 2.9\tex\generic\pgf\math\pg
fmathfunctions.code.tex"
("C:\Users\jrgonzalez\AppData\Local\Programs\MiKTeX 2.9\tex\generic\pgf\math\pg
fmathfunctions.basic.code.tex")
("C:\Users\jrgonzalez\AppData\Local\Programs\MiKTeX 2.9\tex\generic\pgf\math\pg
fmathfunctions.trigonometric.code.tex")
("C:\Users\jrgonzalez\AppData\Local\Programs\MiKTeX 2.9\tex\generic\pgf\math\pg
fmathfunctions.random.code.tex")
("C:\Users\jrgonzalez\AppData\Local\Programs\MiKTeX 2.9\tex\generic\pgf\math\pg
fmathfunctions.comparison.code.tex")
("C:\Users\jrgonzalez\AppData\Local\Programs\MiKTeX 2.9\tex\generic\pgf\math\pg
fmathfunctions.base.code.tex")
("C:\Users\jrgonzalez\AppData\Local\Programs\MiKTeX 2.9\tex\generic\pgf\math\pg
fmathfunctions.round.code.tex")
("C:\Users\jrgonzalez\AppData\Local\Programs\MiKTeX 2.9\tex\generic\pgf\math\pg
fmathfunctions.misc.code.tex")
("C:\Users\jrgonzalez\AppData\Local\Programs\MiKTeX 2.9\tex\generic\pgf\math\pg
fmathfunctions.integerarithmetics.code.tex")))
("C:\Users\jrgonzalez\AppData\Local\Programs\MiKTeX 2.9\tex\generic\pgf\math\pg
fmathfloat.code.tex"
\c@pgfmathroundto@lastzeros=\count114
))
("C:\Users\jrgonzalez\AppData\Local\Programs\MiKTeX 2.9\tex\generic\pgf\basicla
yer\pgfcorepoints.code.tex"
File: pgfcorepoints.code.tex 2013/10/07  (rcs-revision 1.27)
\pgf@picminx=\dimen140
\pgf@picmaxx=\dimen141
\pgf@picminy=\dimen142
\pgf@picmaxy=\dimen143
\pgf@pathminx=\dimen144
\pgf@pathmaxx=\dimen145
\pgf@pathminy=\dimen146
\pgf@pathmaxy=\dimen147
\pgf@xx=\dimen148
\pgf@xy=\dimen149
\pgf@yx=\dimen150
\pgf@yy=\dimen151
\pgf@zx=\dimen152
\pgf@zy=\dimen153
)
("C:\Users\jrgonzalez\AppData\Local\Programs\MiKTeX 2.9\tex\generic\pgf\basicla
yer\pgfcorepathconstruct.code.tex"
File: pgfcorepathconstruct.code.tex 2013/10/07  (rcs-revision 1.29)
\pgf@path@lastx=\dimen154
\pgf@path@lasty=\dimen155
)
("C:\Users\jrgonzalez\AppData\Local\Programs\MiKTeX 2.9\tex\generic\pgf\basicla
yer\pgfcorepathusage.code.tex"
File: pgfcorepathusage.code.tex 2014/11/02  (rcs-revision 1.24)
\pgf@shorten@end@additional=\dimen156
\pgf@shorten@start@additional=\dimen157
)
("C:\Users\jrgonzalez\AppData\Local\Programs\MiKTeX 2.9\tex\generic\pgf\basicla
yer\pgfcorescopes.code.tex"
File: pgfcorescopes.code.tex 2015/05/08  (rcs-revision 1.46)
\pgfpic=\box36
\pgf@hbox=\box37
\pgf@layerbox@main=\box38
\pgf@picture@serial@count=\count115
)
("C:\Users\jrgonzalez\AppData\Local\Programs\MiKTeX 2.9\tex\generic\pgf\basicla
yer\pgfcoregraphicstate.code.tex"
File: pgfcoregraphicstate.code.tex 2014/11/02  (rcs-revision 1.12)
\pgflinewidth=\dimen158
)
("C:\Users\jrgonzalez\AppData\Local\Programs\MiKTeX 2.9\tex\generic\pgf\basicla
yer\pgfcoretransformations.code.tex"
File: pgfcoretransformations.code.tex 2015/08/07  (rcs-revision 1.20)
\pgf@pt@x=\dimen159
\pgf@pt@y=\dimen160
\pgf@pt@temp=\dimen161
)
("C:\Users\jrgonzalez\AppData\Local\Programs\MiKTeX 2.9\tex\generic\pgf\basicla
yer\pgfcorequick.code.tex"
File: pgfcorequick.code.tex 2008/10/09  (rcs-revision 1.3)
)
("C:\Users\jrgonzalez\AppData\Local\Programs\MiKTeX 2.9\tex\generic\pgf\basicla
yer\pgfcoreobjects.code.tex"
File: pgfcoreobjects.code.tex 2006/10/11  (rcs-revision 1.2)
)
("C:\Users\jrgonzalez\AppData\Local\Programs\MiKTeX 2.9\tex\generic\pgf\basicla
yer\pgfcorepathprocessing.code.tex"
File: pgfcorepathprocessing.code.tex 2013/09/09  (rcs-revision 1.9)
)
("C:\Users\jrgonzalez\AppData\Local\Programs\MiKTeX 2.9\tex\generic\pgf\basicla
yer\pgfcorearrows.code.tex"
File: pgfcorearrows.code.tex 2015/05/14  (rcs-revision 1.43)
\pgfarrowsep=\dimen162
)
("C:\Users\jrgonzalez\AppData\Local\Programs\MiKTeX 2.9\tex\generic\pgf\basicla
yer\pgfcoreshade.code.tex"
File: pgfcoreshade.code.tex 2013/07/15  (rcs-revision 1.15)
\pgf@max=\dimen163
\pgf@sys@shading@range@num=\count116
)
("C:\Users\jrgonzalez\AppData\Local\Programs\MiKTeX 2.9\tex\generic\pgf\basicla
yer\pgfcoreimage.code.tex"
File: pgfcoreimage.code.tex 2013/07/15  (rcs-revision 1.18)

("C:\Users\jrgonzalez\AppData\Local\Programs\MiKTeX 2.9\tex\generic\pgf\basicla
yer\pgfcoreexternal.code.tex"
File: pgfcoreexternal.code.tex 2014/07/09  (rcs-revision 1.21)
\pgfexternal@startupbox=\box39
))
("C:\Users\jrgonzalez\AppData\Local\Programs\MiKTeX 2.9\tex\generic\pgf\basicla
yer\pgfcorelayers.code.tex"
File: pgfcorelayers.code.tex 2013/07/18  (rcs-revision 1.7)
)
("C:\Users\jrgonzalez\AppData\Local\Programs\MiKTeX 2.9\tex\generic\pgf\basicla
yer\pgfcoretransparency.code.tex"
File: pgfcoretransparency.code.tex 2013/09/30  (rcs-revision 1.5)
)
("C:\Users\jrgonzalez\AppData\Local\Programs\MiKTeX 2.9\tex\generic\pgf\basicla
yer\pgfcorepatterns.code.tex"
File: pgfcorepatterns.code.tex 2013/11/07  (rcs-revision 1.5)
)))
("C:\Users\jrgonzalez\AppData\Local\Programs\MiKTeX 2.9\tex\latex\pgf\utilities
\xxcolor.sty"
Package: xxcolor 2003/10/24 ver 0.1
\XC@nummixins=\count117
\XC@countmixins=\count118
)
("C:\Users\jrgonzalez\AppData\Local\Programs\MiKTeX 2.9\tex\generic\oberdiek\at
begshi.sty"
Package: atbegshi 2016/06/09 v1.18 At begin shipout hook (HO)
)
("C:\Users\jrgonzalez\AppData\Local\Programs\MiKTeX 2.9\tex\latex\hyperref\hype
rref.sty"
Package: hyperref 2016/06/24 v6.83q Hypertext links for LaTeX

("C:\Users\jrgonzalez\AppData\Local\Programs\MiKTeX 2.9\tex\generic\oberdiek\ho
bsub-hyperref.sty"
Package: hobsub-hyperref 2016/05/16 v1.14 Bundle oberdiek, subset hyperref (HO)


("C:\Users\jrgonzalez\AppData\Local\Programs\MiKTeX 2.9\tex\generic\oberdiek\ho
bsub-generic.sty"
Package: hobsub-generic 2016/05/16 v1.14 Bundle oberdiek, subset generic (HO)
Package: hobsub 2016/05/16 v1.14 Construct package bundles (HO)
Package hobsub Info: Skipping package `infwarerr' (already loaded).
Package hobsub Info: Skipping package `ltxcmds' (already loaded).
Package: ifluatex 2016/05/16 v1.4 Provides the ifluatex switch (HO)
Package ifluatex Info: LuaTeX not detected.
Package hobsub Info: Skipping package `ifvtex' (already loaded).
Package: intcalc 2016/05/16 v1.2 Expandable calculations with integers (HO)
Package hobsub Info: Skipping package `ifpdf' (already loaded).
Package: etexcmds 2016/05/16 v1.6 Avoid name clashes with e-TeX commands (HO)
Package etexcmds Info: Could not find \expanded.
(etexcmds)             That can mean that you are not using pdfTeX 1.50 or
(etexcmds)             that some package has redefined \expanded.
(etexcmds)             In the latter case, load this package earlier.
Package: kvsetkeys 2016/05/16 v1.17 Key value parser (HO)
Package: kvdefinekeys 2016/05/16 v1.4 Define keys (HO)
Package: pdftexcmds 2016/05/21 v0.22 Utility functions of pdfTeX for LuaTeX (HO
)
Package pdftexcmds Info: LuaTeX not detected.
Package pdftexcmds Info: \pdf@primitive is available.
Package pdftexcmds Info: \pdf@ifprimitive is available.
Package pdftexcmds Info: \pdfdraftmode found.
Package: pdfescape 2016/05/16 v1.14 Implements pdfTeX's escape features (HO)
Package: bigintcalc 2016/05/16 v1.4 Expandable calculations on big integers (HO
)
Package: bitset 2016/05/16 v1.2 Handle bit-vector datatype (HO)
Package: uniquecounter 2016/05/16 v1.3 Provide unlimited unique counter (HO)
)
Package hobsub Info: Skipping package `hobsub' (already loaded).
Package: letltxmacro 2016/05/16 v1.5 Let assignment for LaTeX macros (HO)
Package: hopatch 2016/05/16 v1.3 Wrapper for package hooks (HO)
Package: xcolor-patch 2016/05/16 xcolor patch
Package: atveryend 2016/05/16 v1.9 Hooks at the very end of document (HO)
Package hobsub Info: Skipping package `atbegshi' (already loaded).
Package: refcount 2016/05/16 v3.5 Data extraction from label references (HO)
Package: hycolor 2016/05/16 v1.8 Color options for hyperref/bookmark (HO)
)
("C:\Users\jrgonzalez\AppData\Local\Programs\MiKTeX 2.9\tex\latex\oberdiek\auxh
ook.sty"
Package: auxhook 2016/05/16 v1.4 Hooks for auxiliary files (HO)
)
("C:\Users\jrgonzalez\AppData\Local\Programs\MiKTeX 2.9\tex\latex\oberdiek\kvop
tions.sty"
Package: kvoptions 2016/05/16 v3.12 Key value format for package options (HO)
)
\@linkdim=\dimen164
\Hy@linkcounter=\count119
\Hy@pagecounter=\count120

("C:\Users\jrgonzalez\AppData\Local\Programs\MiKTeX 2.9\tex\latex\hyperref\pd1e
nc.def"
File: pd1enc.def 2016/06/24 v6.83q Hyperref: PDFDocEncoding definition (HO)
)
\Hy@SavedSpaceFactor=\count121

("C:\Users\jrgonzalez\AppData\Local\Programs\MiKTeX 2.9\tex\latex\00miktex\hype
rref.cfg"
File: hyperref.cfg 2002/06/06 v1.2 hyperref configuration of TeXLive
)
Package hyperref Info: Option `bookmarks' set `true' on input line 4362.
Package hyperref Info: Option `bookmarksopen' set `true' on input line 4362.
Package hyperref Info: Option `implicit' set `false' on input line 4362.
Package hyperref Info: Hyper figures OFF on input line 4486.
Package hyperref Info: Link nesting OFF on input line 4491.
Package hyperref Info: Hyper index ON on input line 4494.
Package hyperref Info: Plain pages OFF on input line 4501.
Package hyperref Info: Backreferencing OFF on input line 4506.
Package hyperref Info: Implicit mode OFF; no redefinition of LaTeX internals.
Package hyperref Info: Bookmarks ON on input line 4735.
\c@Hy@tempcnt=\count122

("C:\Users\jrgonzalez\AppData\Local\Programs\MiKTeX 2.9\tex\latex\url\url.sty"
\Urlmuskip=\muskip10
Package: url 2013/09/16  ver 3.4  Verb mode for urls, etc.
)
LaTeX Info: Redefining \url on input line 5088.
\XeTeXLinkMargin=\dimen165
\Fld@menulength=\count123
\Field@Width=\dimen166
\Fld@charsize=\dimen167
Package hyperref Info: Hyper figures OFF on input line 6342.
Package hyperref Info: Link nesting OFF on input line 6347.
Package hyperref Info: Hyper index ON on input line 6350.
Package hyperref Info: backreferencing OFF on input line 6357.
Package hyperref Info: Link coloring OFF on input line 6362.
Package hyperref Info: Link coloring with OCG OFF on input line 6367.
Package hyperref Info: PDF/A mode OFF on input line 6372.
LaTeX Info: Redefining \ref on input line 6412.
LaTeX Info: Redefining \pageref on input line 6416.
\Hy@abspage=\count124

Package hyperref Message: Stopped early.

)

Package hyperref Message: Driver (autodetected): hpdftex.


("C:\Users\jrgonzalez\AppData\Local\Programs\MiKTeX 2.9\tex\latex\hyperref\hpdf
tex.def"
File: hpdftex.def 2016/06/24 v6.83q Hyperref driver for pdfTeX
\Fld@listcount=\count125
\c@bookmark@seq@number=\count126

("C:\Users\jrgonzalez\AppData\Local\Programs\MiKTeX 2.9\tex\latex\oberdiek\reru
nfilecheck.sty"
Package: rerunfilecheck 2016/05/16 v1.8 Rerun checks for auxiliary files (HO)
Package uniquecounter Info: New unique counter `rerunfilecheck' on input line 2
82.
))
("C:\Users\jrgonzalez\AppData\Local\Programs\MiKTeX 2.9\tex\latex\beamer\beamer
baserequires.sty"
("C:\Users\jrgonzalez\AppData\Local\Programs\MiKTeX 2.9\tex\latex\beamer\beamer
basecompatibility.sty")
("C:\Users\jrgonzalez\AppData\Local\Programs\MiKTeX 2.9\tex\latex\beamer\beamer
basefont.sty"
("C:\Users\jrgonzalez\AppData\Local\Programs\MiKTeX 2.9\tex\latex\amsfonts\amss
ymb.sty"
Package: amssymb 2013/01/14 v3.01 AMS font symbols

("C:\Users\jrgonzalez\AppData\Local\Programs\MiKTeX 2.9\tex\latex\amsfonts\amsf
onts.sty"
Package: amsfonts 2013/01/14 v3.01 Basic AMSFonts support
\@emptytoks=\toks26
\symAMSa=\mathgroup4
\symAMSb=\mathgroup5
LaTeX Font Info:    Overwriting math alphabet `\mathfrak' in version `bold'
(Font)                  U/euf/m/n --> U/euf/b/n on input line 106.
))
("C:\Users\jrgonzalez\AppData\Local\Programs\MiKTeX 2.9\tex\latex\sansmathaccen
t\sansmathaccent.sty"
Package: sansmathaccent 2013/03/28

("C:\Users\jrgonzalez\AppData\Local\Programs\MiKTeX 2.9\tex\latex\filehook\file
hook.sty"
Package: filehook 2011/10/12 v0.5d Hooks for input files
)))
("C:\Users\jrgonzalez\AppData\Local\Programs\MiKTeX 2.9\tex\latex\beamer\beamer
basetranslator.sty"
("C:\Users\jrgonzalez\AppData\Local\Programs\MiKTeX 2.9\tex\latex\beamer\transl
ator\translator.sty"
Package: translator 2010/06/12 ver 1.10

("C:\Users\jrgonzalez\AppData\Local\Programs\MiKTeX 2.9\tex\latex\beamer\transl
ator\translator-language-mappings.tex")))
("C:\Users\jrgonzalez\AppData\Local\Programs\MiKTeX 2.9\tex\latex\beamer\beamer
basemisc.sty")
("C:\Users\jrgonzalez\AppData\Local\Programs\MiKTeX 2.9\tex\latex\beamer\beamer
basetwoscreens.sty")
("C:\Users\jrgonzalez\AppData\Local\Programs\MiKTeX 2.9\tex\latex\beamer\beamer
baseoverlay.sty"
\beamer@argscount=\count127
\beamer@lastskipcover=\skip44
\beamer@trivlistdepth=\count128
)
("C:\Users\jrgonzalez\AppData\Local\Programs\MiKTeX 2.9\tex\latex\beamer\beamer
basetitle.sty")
("C:\Users\jrgonzalez\AppData\Local\Programs\MiKTeX 2.9\tex\latex\beamer\beamer
basesection.sty"
\c@lecture=\count129
\c@part=\count130
\c@section=\count131
\c@subsection=\count132
\c@subsubsection=\count133
)
("C:\Users\jrgonzalez\AppData\Local\Programs\MiKTeX 2.9\tex\latex\beamer\beamer
baseframe.sty"
\beamer@framebox=\box40
\beamer@frametitlebox=\box41
\beamer@zoombox=\box42
\beamer@zoomcount=\count134
\beamer@zoomframecount=\count135
\beamer@frametextheight=\dimen168
\c@subsectionslide=\count136
\beamer@frametopskip=\skip45
\beamer@framebottomskip=\skip46
\beamer@frametopskipautobreak=\skip47
\beamer@framebottomskipautobreak=\skip48
\beamer@envbody=\toks27
\framewidth=\dimen169
\c@framenumber=\count137
)
("C:\Users\jrgonzalez\AppData\Local\Programs\MiKTeX 2.9\tex\latex\beamer\beamer
baseverbatim.sty"
\beamer@verbatimfileout=\write4
)
("C:\Users\jrgonzalez\AppData\Local\Programs\MiKTeX 2.9\tex\latex\beamer\beamer
baseframesize.sty"
\beamer@splitbox=\box43
\beamer@autobreakcount=\count138
\beamer@autobreaklastheight=\dimen170
\beamer@frametitletoks=\toks28
\beamer@framesubtitletoks=\toks29
)
("C:\Users\jrgonzalez\AppData\Local\Programs\MiKTeX 2.9\tex\latex\beamer\beamer
baseframecomponents.sty"
\beamer@footins=\box44
)
("C:\Users\jrgonzalez\AppData\Local\Programs\MiKTeX 2.9\tex\latex\beamer\beamer
basecolor.sty")
("C:\Users\jrgonzalez\AppData\Local\Programs\MiKTeX 2.9\tex\latex\beamer\beamer
basenotes.sty"
\beamer@frameboxcopy=\box45
)
("C:\Users\jrgonzalez\AppData\Local\Programs\MiKTeX 2.9\tex\latex\beamer\beamer
basetoc.sty")
("C:\Users\jrgonzalez\AppData\Local\Programs\MiKTeX 2.9\tex\latex\beamer\beamer
basetemplates.sty"
\beamer@sbttoks=\toks30

("C:\Users\jrgonzalez\AppData\Local\Programs\MiKTeX 2.9\tex\latex\beamer\beamer
baseauxtemplates.sty"
("C:\Users\jrgonzalez\AppData\Local\Programs\MiKTeX 2.9\tex\latex\beamer\beamer
baseboxes.sty"
\bmb@box=\box46
\bmb@colorbox=\box47
\bmb@boxshadow=\box48
\bmb@boxshadowball=\box49
\bmb@boxshadowballlarge=\box50
\bmb@temp=\dimen171
\bmb@dima=\dimen172
\bmb@dimb=\dimen173
\bmb@prevheight=\dimen174
)
\beamer@blockheadheight=\dimen175
))
("C:\Users\jrgonzalez\AppData\Local\Programs\MiKTeX 2.9\tex\latex\beamer\beamer
baselocalstructure.sty"
("C:\Users\jrgonzalez\AppData\Local\Programs\MiKTeX 2.9\tex\latex\tools\enumera
te.sty"
Package: enumerate 2015/07/23 v3.00 enumerate extensions (DPC)
\@enLab=\toks31
)
\c@figure=\count139
\c@table=\count140
\abovecaptionskip=\skip49
\belowcaptionskip=\skip50
)
("C:\Users\jrgonzalez\AppData\Local\Programs\MiKTeX 2.9\tex\latex\beamer\beamer
basenavigation.sty"
\beamer@section@min@dim=\dimen176
)
("C:\Users\jrgonzalez\AppData\Local\Programs\MiKTeX 2.9\tex\latex\beamer\beamer
basetheorems.sty"
("C:\Users\jrgonzalez\AppData\Local\Programs\MiKTeX 2.9\tex\latex\amsmath\amsma
th.sty"
Package: amsmath 2016/06/28 v2.15d AMS math features
\@mathmargin=\skip51

For additional information on amsmath, use the `?' option.

("C:\Users\jrgonzalez\AppData\Local\Programs\MiKTeX 2.9\tex\latex\amsmath\amste
xt.sty"
Package: amstext 2000/06/29 v2.01 AMS text

("C:\Users\jrgonzalez\AppData\Local\Programs\MiKTeX 2.9\tex\latex\amsmath\amsge
n.sty"
File: amsgen.sty 1999/11/30 v2.0 generic functions
\@emptytoks=\toks32
\ex@=\dimen177
))
("C:\Users\jrgonzalez\AppData\Local\Programs\MiKTeX 2.9\tex\latex\amsmath\amsbs
y.sty"
Package: amsbsy 1999/11/29 v1.2d Bold Symbols
\pmbraise@=\dimen178
)
("C:\Users\jrgonzalez\AppData\Local\Programs\MiKTeX 2.9\tex\latex\amsmath\amsop
n.sty"
Package: amsopn 2016/03/08 v2.02 operator names
)
\inf@bad=\count141
LaTeX Info: Redefining \frac on input line 199.
\uproot@=\count142
\leftroot@=\count143
LaTeX Info: Redefining \overline on input line 297.
\classnum@=\count144
\DOTSCASE@=\count145
LaTeX Info: Redefining \ldots on input line 394.
LaTeX Info: Redefining \dots on input line 397.
LaTeX Info: Redefining \cdots on input line 518.
\Mathstrutbox@=\box51
\strutbox@=\box52
\big@size=\dimen179
LaTeX Font Info:    Redeclaring font encoding OML on input line 634.
LaTeX Font Info:    Redeclaring font encoding OMS on input line 635.
\macc@depth=\count146
\c@MaxMatrixCols=\count147
\dotsspace@=\muskip11
\c@parentequation=\count148
\dspbrk@lvl=\count149
\tag@help=\toks33
\row@=\count150
\column@=\count151
\maxfields@=\count152
\andhelp@=\toks34
\eqnshift@=\dimen180
\alignsep@=\dimen181
\tagshift@=\dimen182
\tagwidth@=\dimen183
\totwidth@=\dimen184
\lineht@=\dimen185
\@envbody=\toks35
\multlinegap=\skip52
\multlinetaggap=\skip53
\mathdisplay@stack=\toks36
LaTeX Info: Redefining \[ on input line 2739.
LaTeX Info: Redefining \] on input line 2740.
)
("C:\Users\jrgonzalez\AppData\Local\Programs\MiKTeX 2.9\tex\latex\amscls\amsthm
.sty"
Package: amsthm 2015/03/04 v2.20.2
\thm@style=\toks37
\thm@bodyfont=\toks38
\thm@headfont=\toks39
\thm@notefont=\toks40
\thm@headpunct=\toks41
\thm@preskip=\skip54
\thm@postskip=\skip55
\thm@headsep=\skip56
\dth@everypar=\toks42
)
\c@theorem=\count153
)
("C:\Users\jrgonzalez\AppData\Local\Programs\MiKTeX 2.9\tex\latex\beamer\beamer
basethemes.sty"))
("C:\Users\jrgonzalez\AppData\Local\Programs\MiKTeX 2.9\tex\latex\beamer\themes
\theme\beamerthemedefault.sty"
("C:\Users\jrgonzalez\AppData\Local\Programs\MiKTeX 2.9\tex\latex\beamer\themes
\font\beamerfontthemedefault.sty")
("C:\Users\jrgonzalez\AppData\Local\Programs\MiKTeX 2.9\tex\latex\beamer\themes
\color\beamercolorthemedefault.sty")
("C:\Users\jrgonzalez\AppData\Local\Programs\MiKTeX 2.9\tex\latex\beamer\themes
\inner\beamerinnerthemedefault.sty"
\beamer@dima=\dimen186
\beamer@dimb=\dimen187
)
("C:\Users\jrgonzalez\AppData\Local\Programs\MiKTeX 2.9\tex\latex\beamer\themes
\outer\beamerouterthemedefault.sty")))
("C:\Users\jrgonzalez\AppData\Local\Programs\MiKTeX 2.9\tex\generic\babel\babel
.sty"
Package: babel 2016/04/23 3.9r The Babel package

*************************************
* Local config file bblopts.cfg used
*

("C:\Users\jrgonzalez\AppData\Local\Programs\MiKTeX 2.9\tex\latex\arabi\bblopts
.cfg"
File: bblopts.cfg 2005/09/08 v0.1 add Arabic and Farsi to "declared" options of
 babel
)
("C:\Users\jrgonzalez\AppData\Local\Programs\MiKTeX 2.9\tex\latex\babel-spanish
\spanish.ldf"
Language: spanish.ldf 2016/03/03 v5.0p Spanish support from the babel system

("C:\Users\jrgonzalez\AppData\Local\Programs\MiKTeX 2.9\tex\generic\babel\babel
.def"
File: babel.def 2016/04/23 3.9r Babel common definitions
\babel@savecnt=\count154
\U@D=\dimen188
LaTeX Info: Redefining \textlatin on input line 1448.
)
\es@quottoks=\toks43
\es@quotdepth=\count155
Package babel Info: Making " an active character on input line 561.
Package babel Info: Making . an active character on input line 662.
Package babel Info: Making < an active character on input line 707.
Package babel Info: Making > an active character on input line 707.
)) (CREAL_slides.sty
(C:/PROGRA~1/R/R-33~1.2/share/texmf/tex/latex\Sweave.sty
Package: Sweave 

("C:\Users\jrgonzalez\AppData\Local\Programs\MiKTeX 2.9\tex\latex\base\ifthen.s
ty"
Package: ifthen 2014/09/29 v1.1c Standard LaTeX ifthen package (DPC)
)
("C:\Users\jrgonzalez\AppData\Local\Programs\MiKTeX 2.9\tex\latex\fancyvrb\fanc
yvrb.sty"
Package: fancyvrb 2008/02/07

Style option: `fancyvrb' v2.7a, with DG/SPQR fixes, and firstline=lastline fix 
<2008/02/07> (tvz)
\FV@CodeLineNo=\count156
\FV@InFile=\read2
\FV@TabBox=\box53
\c@FancyVerbLine=\count157
\FV@StepNumber=\count158
\FV@OutFile=\write5
)
("C:\Users\jrgonzalez\AppData\Local\Programs\MiKTeX 2.9\tex\latex\base\textcomp
.sty"
Package: textcomp 2016/06/19 v1.99m Standard LaTeX package
Package textcomp Info: Sub-encoding information:
(textcomp)               5 = only ISO-Adobe without \textcurrency
(textcomp)               4 = 5 + \texteuro
(textcomp)               3 = 4 + \textohm
(textcomp)               2 = 3 + \textestimated + \textcurrency
(textcomp)               1 = TS1 - \textcircled - \t
(textcomp)               0 = TS1 (full)
(textcomp)             Font families with sub-encoding setting implement
(textcomp)             only a restricted character set as indicated.
(textcomp)             Family '?' is the default used for unknown fonts.
(textcomp)             See the documentation for details.
Package textcomp Info: Setting ? sub-encoding to TS1/1 on input line 79.

("C:\Users\jrgonzalez\AppData\Local\Programs\MiKTeX 2.9\tex\latex\base\ts1enc.d
ef"
File: ts1enc.def 2001/06/05 v3.0e (jk/car/fm) Standard LaTeX file
)
LaTeX Info: Redefining \oldstylenums on input line 334.
Package textcomp Info: Setting cmr sub-encoding to TS1/0 on input line 349.
Package textcomp Info: Setting cmss sub-encoding to TS1/0 on input line 350.
Package textcomp Info: Setting cmtt sub-encoding to TS1/0 on input line 351.
Package textcomp Info: Setting cmvtt sub-encoding to TS1/0 on input line 352.
Package textcomp Info: Setting cmbr sub-encoding to TS1/0 on input line 353.
Package textcomp Info: Setting cmtl sub-encoding to TS1/0 on input line 354.
Package textcomp Info: Setting ccr sub-encoding to TS1/0 on input line 355.
Package textcomp Info: Setting ptm sub-encoding to TS1/4 on input line 356.
Package textcomp Info: Setting pcr sub-encoding to TS1/4 on input line 357.
Package textcomp Info: Setting phv sub-encoding to TS1/4 on input line 358.
Package textcomp Info: Setting ppl sub-encoding to TS1/3 on input line 359.
Package textcomp Info: Setting pag sub-encoding to TS1/4 on input line 360.
Package textcomp Info: Setting pbk sub-encoding to TS1/4 on input line 361.
Package textcomp Info: Setting pnc sub-encoding to TS1/4 on input line 362.
Package textcomp Info: Setting pzc sub-encoding to TS1/4 on input line 363.
Package textcomp Info: Setting bch sub-encoding to TS1/4 on input line 364.
Package textcomp Info: Setting put sub-encoding to TS1/5 on input line 365.
Package textcomp Info: Setting uag sub-encoding to TS1/5 on input line 366.
Package textcomp Info: Setting ugq sub-encoding to TS1/5 on input line 367.
Package textcomp Info: Setting ul8 sub-encoding to TS1/4 on input line 368.
Package textcomp Info: Setting ul9 sub-encoding to TS1/4 on input line 369.
Package textcomp Info: Setting augie sub-encoding to TS1/5 on input line 370.
Package textcomp Info: Setting dayrom sub-encoding to TS1/3 on input line 371.
Package textcomp Info: Setting dayroms sub-encoding to TS1/3 on input line 372.

Package textcomp Info: Setting pxr sub-encoding to TS1/0 on input line 373.
Package textcomp Info: Setting pxss sub-encoding to TS1/0 on input line 374.
Package textcomp Info: Setting pxtt sub-encoding to TS1/0 on input line 375.
Package textcomp Info: Setting txr sub-encoding to TS1/0 on input line 376.
Package textcomp Info: Setting txss sub-encoding to TS1/0 on input line 377.
Package textcomp Info: Setting txtt sub-encoding to TS1/0 on input line 378.
Package textcomp Info: Setting lmr sub-encoding to TS1/0 on input line 379.
Package textcomp Info: Setting lmdh sub-encoding to TS1/0 on input line 380.
Package textcomp Info: Setting lmss sub-encoding to TS1/0 on input line 381.
Package textcomp Info: Setting lmssq sub-encoding to TS1/0 on input line 382.
Package textcomp Info: Setting lmvtt sub-encoding to TS1/0 on input line 383.
Package textcomp Info: Setting lmtt sub-encoding to TS1/0 on input line 384.
Package textcomp Info: Setting qhv sub-encoding to TS1/0 on input line 385.
Package textcomp Info: Setting qag sub-encoding to TS1/0 on input line 386.
Package textcomp Info: Setting qbk sub-encoding to TS1/0 on input line 387.
Package textcomp Info: Setting qcr sub-encoding to TS1/0 on input line 388.
Package textcomp Info: Setting qcs sub-encoding to TS1/0 on input line 389.
Package textcomp Info: Setting qpl sub-encoding to TS1/0 on input line 390.
Package textcomp Info: Setting qtm sub-encoding to TS1/0 on input line 391.
Package textcomp Info: Setting qzc sub-encoding to TS1/0 on input line 392.
Package textcomp Info: Setting qhvc sub-encoding to TS1/0 on input line 393.
Package textcomp Info: Setting futs sub-encoding to TS1/4 on input line 394.
Package textcomp Info: Setting futx sub-encoding to TS1/4 on input line 395.
Package textcomp Info: Setting futj sub-encoding to TS1/4 on input line 396.
Package textcomp Info: Setting hlh sub-encoding to TS1/3 on input line 397.
Package textcomp Info: Setting hls sub-encoding to TS1/3 on input line 398.
Package textcomp Info: Setting hlst sub-encoding to TS1/3 on input line 399.
Package textcomp Info: Setting hlct sub-encoding to TS1/5 on input line 400.
Package textcomp Info: Setting hlx sub-encoding to TS1/5 on input line 401.
Package textcomp Info: Setting hlce sub-encoding to TS1/5 on input line 402.
Package textcomp Info: Setting hlcn sub-encoding to TS1/5 on input line 403.
Package textcomp Info: Setting hlcw sub-encoding to TS1/5 on input line 404.
Package textcomp Info: Setting hlcf sub-encoding to TS1/5 on input line 405.
Package textcomp Info: Setting pplx sub-encoding to TS1/3 on input line 406.
Package textcomp Info: Setting pplj sub-encoding to TS1/3 on input line 407.
Package textcomp Info: Setting ptmx sub-encoding to TS1/4 on input line 408.
Package textcomp Info: Setting ptmj sub-encoding to TS1/4 on input line 409.
)
("C:\Users\jrgonzalez\AppData\Local\Programs\MiKTeX 2.9\tex\latex\base\fontenc.
sty"
Package: fontenc 2016/06/19 v1.99m Standard LaTeX package

("C:\Users\jrgonzalez\AppData\Local\Programs\MiKTeX 2.9\tex\latex\base\t1enc.de
f"
File: t1enc.def 2016/06/19 v1.99m Standard LaTeX file
LaTeX Font Info:    Redeclaring font encoding T1 on input line 48.
)) ("C:\Users\jrgonzalez\AppData\Local\Programs\MiKTeX 2.9\tex\latex\ae\ae.sty"
Package: ae 2001/02/12 1.3 Almost European Computer Modern

("C:\Users\jrgonzalez\AppData\Local\Programs\MiKTeX 2.9\tex\latex\base\fontenc.
sty"
Package: fontenc 2016/06/19 v1.99m Standard LaTeX package

("C:\Users\jrgonzalez\AppData\Local\Programs\MiKTeX 2.9\tex\latex\base\t1enc.de
f"
File: t1enc.def 2016/06/19 v1.99m Standard LaTeX file
LaTeX Font Info:    Redeclaring font encoding T1 on input line 48.
)
LaTeX Font Info:    Try loading font information for T1+aer on input line 105.

("C:\Users\jrgonzalez\AppData\Local\Programs\MiKTeX 2.9\tex\latex\ae\t1aer.fd"
File: t1aer.fd 1997/11/16 Font definitions for T1/aer.
))))
("C:\Users\jrgonzalez\AppData\Local\Programs\MiKTeX 2.9\tex\latex\base\latexsym
.sty"
Package: latexsym 1998/08/17 v2.2e Standard LaTeX package (lasy symbols)
\symlasy=\mathgroup6
LaTeX Font Info:    Overwriting symbol font `lasy' in version `bold'
(Font)                  U/lasy/m/n --> U/lasy/b/n on input line 52.
)
("C:\Users\jrgonzalez\AppData\Local\Programs\MiKTeX 2.9\tex\latex\beamer\themes
\theme\compatibility\beamerthemeshadow.sty"
("C:\Users\jrgonzalez\AppData\Local\Programs\MiKTeX 2.9\tex\latex\beamer\themes
\inner\beamerinnerthemerounded.sty")
("C:\Users\jrgonzalez\AppData\Local\Programs\MiKTeX 2.9\tex\latex\beamer\themes
\color\beamercolorthemeorchid.sty")
("C:\Users\jrgonzalez\AppData\Local\Programs\MiKTeX 2.9\tex\latex\beamer\themes
\color\beamercolorthemewhale.sty")
("C:\Users\jrgonzalez\AppData\Local\Programs\MiKTeX 2.9\tex\latex\beamer\themes
\outer\beamerouterthemeshadow.sty"
("C:\Users\jrgonzalez\AppData\Local\Programs\MiKTeX 2.9\tex\latex\beamer\themes
\outer\beamerouterthemesplit.sty"))
("C:\Users\jrgonzalez\AppData\Local\Programs\MiKTeX 2.9\tex\latex\beamer\themes
\font\beamerfontthemestructurebold.sty"))
("C:\Users\jrgonzalez\AppData\Local\Programs\MiKTeX 2.9\tex\latex\beamer\themes
\color\beamercolorthemestructure.sty")
("C:\Users\jrgonzalez\AppData\Local\Programs\MiKTeX 2.9\tex\latex\base\inputenc
.sty"
Package: inputenc 2015/03/17 v1.2c Input encoding file
\inpenc@prehook=\toks44
\inpenc@posthook=\toks45

("C:\Users\jrgonzalez\AppData\Local\Programs\MiKTeX 2.9\tex\latex\base\latin1.d
ef"
File: latin1.def 2015/03/17 v1.2c Input encoding file
))
("C:\Users\jrgonzalez\AppData\Local\Programs\MiKTeX 2.9\tex\latex\psnfss\times.
sty"
Package: times 2005/04/12 PSNFSS-v9.2a (SPQR) 
)
("C:\Users\jrgonzalez\AppData\Local\Programs\MiKTeX 2.9\tex\latex\base\fontenc.
sty"
Package: fontenc 2016/06/19 v1.99m Standard LaTeX package

("C:\Users\jrgonzalez\AppData\Local\Programs\MiKTeX 2.9\tex\latex\base\t1enc.de
f"
File: t1enc.def 2016/06/19 v1.99m Standard LaTeX file
LaTeX Font Info:    Redeclaring font encoding T1 on input line 48.
))
("C:\Users\jrgonzalez\AppData\Local\Programs\MiKTeX 2.9\tex\latex\wasysym\wasys
ym.sty"
Package: wasysym 2003/10/30 v2.0 Wasy-2 symbol support package
\symwasy=\mathgroup7
LaTeX Font Info:    Overwriting symbol font `wasy' in version `bold'
(Font)                  U/wasy/m/n --> U/wasy/b/n on input line 90.
)
("C:\Users\jrgonzalez\AppData\Local\Programs\MiKTeX 2.9\tex\latex\psnfss\pifont
.sty"
Package: pifont 2005/04/12 PSNFSS-v9.2a Pi font support (SPQR) 
LaTeX Font Info:    Try loading font information for U+pzd on input line 63.

("C:\Users\jrgonzalez\AppData\Local\Programs\MiKTeX 2.9\tex\latex\psnfss\upzd.f
d"
File: upzd.fd 2001/06/04 font definitions for U/pzd.
)
LaTeX Font Info:    Try loading font information for U+psy on input line 64.

("C:\Users\jrgonzalez\AppData\Local\Programs\MiKTeX 2.9\tex\latex\psnfss\upsy.f
d"
File: upsy.fd 2001/06/04 font definitions for U/psy.
))
("C:\Users\jrgonzalez\AppData\Local\Programs\MiKTeX 2.9\tex\latex\tools\dcolumn
.sty"
Package: dcolumn 2014/10/28 v1.06 decimal alignment package (DPC)

("C:\Users\jrgonzalez\AppData\Local\Programs\MiKTeX 2.9\tex\latex\tools\array.s
ty"
Package: array 2014/10/28 v2.4c Tabular extension package (FMi)
\col@sep=\dimen189
\extrarowheight=\dimen190
\NC@list=\toks46
\extratabsurround=\skip57
\backup@length=\skip58
))
("C:\Users\jrgonzalez\AppData\Local\Programs\MiKTeX 2.9\tex\latex\booktabs\book
tabs.sty"
Package: booktabs 2005/04/14 v1.61803 publication quality tables
\heavyrulewidth=\dimen191
\lightrulewidth=\dimen192
\cmidrulewidth=\dimen193
\belowrulesep=\dimen194
\belowbottomsep=\dimen195
\aboverulesep=\dimen196
\abovetopsep=\dimen197
\cmidrulesep=\dimen198
\cmidrulekern=\dimen199
\defaultaddspace=\dimen256
\@cmidla=\count159
\@cmidlb=\count160
\@aboverulesep=\dimen257
\@belowrulesep=\dimen258
\@thisruleclass=\count161
\@lastruleclass=\count162
\@thisrulewidth=\dimen259
)
("C:\Users\jrgonzalez\AppData\Local\Programs\MiKTeX 2.9\tex\latex\tools\multico
l.sty"
Package: multicol 2016/04/07 v1.8p multicolumn formatting (FMi)
\c@tracingmulticols=\count163
\mult@box=\box54
\multicol@leftmargin=\dimen260
\c@unbalance=\count164
\c@collectmore=\count165
\doublecol@number=\count166
\multicoltolerance=\count167
\multicolpretolerance=\count168
\full@width=\dimen261
\page@free=\dimen262
\premulticols=\dimen263
\postmulticols=\dimen264
\multicolsep=\skip59
\multicolbaselineskip=\skip60
\partial@page=\box55
\last@line=\box56
\maxbalancingoverflow=\dimen265
\mult@rightbox=\box57
\mult@grightbox=\box58
\mult@gfirstbox=\box59
\mult@firstbox=\box60
\@tempa=\box61
\@tempa=\box62
\@tempa=\box63
\@tempa=\box64
\@tempa=\box65
\@tempa=\box66
\@tempa=\box67
\@tempa=\box68
\@tempa=\box69
\@tempa=\box70
\@tempa=\box71
\@tempa=\box72
\@tempa=\box73
\@tempa=\box74
\@tempa=\box75
\@tempa=\box76
\@tempa=\box77
\c@columnbadness=\count169
\c@finalcolumnbadness=\count170
\last@try=\dimen266
\multicolovershoot=\dimen267
\multicolundershoot=\dimen268
\mult@nat@firstbox=\box78
\colbreak@box=\box79
\mc@col@check@num=\count171
)
("C:\Users\jrgonzalez\AppData\Local\Programs\MiKTeX 2.9\tex\latex\oberdiek\epst
opdf.sty"
Package: epstopdf 2016/05/15 v2.6 Conversion with epstopdf on the fly (HO)

("C:\Users\jrgonzalez\AppData\Local\Programs\MiKTeX 2.9\tex\latex\oberdiek\epst
opdf-base.sty"
Package: epstopdf-base 2016/05/15 v2.6 Base part for package epstopdf

("C:\Users\jrgonzalez\AppData\Local\Programs\MiKTeX 2.9\tex\latex\oberdiek\grfe
xt.sty"
Package: grfext 2016/05/16 v1.2 Manage graphics extensions (HO)
)
Package epstopdf-base Info: Redefining graphics rule for `.eps' on input line 4
38.
Package grfext Info: Graphics extension search list:
(grfext)             [.png,.pdf,.jpg,.mps,.jpeg,.jbig2,.jb2,.PNG,.PDF,.JPG,.JPE
G,.JBIG2,.JB2,.eps]
(grfext)             \AppendGraphicsExtensions on input line 456.
)))

Package hyperref Warning: Token not allowed in a PDF string (PDFDocEncoding):
(hyperref)                removing `\\' on input line 20.

(Continuous_longitudinal_data_II.aux
LaTeX Info: Redefining \. on input line 23.
LaTeX Info: Redefining \% on input line 23.
)
\openout1 = `Continuous_longitudinal_data_II.aux'.

LaTeX Font Info:    Checking defaults for OML/cmm/m/it on input line 25.
LaTeX Font Info:    ... okay on input line 25.
LaTeX Font Info:    Checking defaults for T1/cmr/m/n on input line 25.
LaTeX Font Info:    ... okay on input line 25.
LaTeX Font Info:    Checking defaults for OT1/cmr/m/n on input line 25.
LaTeX Font Info:    ... okay on input line 25.
LaTeX Font Info:    Checking defaults for OMS/cmsy/m/n on input line 25.
LaTeX Font Info:    ... okay on input line 25.
LaTeX Font Info:    Checking defaults for OMX/cmex/m/n on input line 25.
LaTeX Font Info:    ... okay on input line 25.
LaTeX Font Info:    Checking defaults for U/cmr/m/n on input line 25.
LaTeX Font Info:    ... okay on input line 25.
LaTeX Font Info:    Checking defaults for PD1/pdf/m/n on input line 25.
LaTeX Font Info:    ... okay on input line 25.
LaTeX Font Info:    Checking defaults for TS1/cmr/m/n on input line 25.
LaTeX Font Info:    Try loading font information for TS1+cmr on input line 25.

("C:\Users\jrgonzalez\AppData\Local\Programs\MiKTeX 2.9\tex\latex\base\ts1cmr.f
d"
File: ts1cmr.fd 2014/09/29 v2.5h Standard LaTeX font definitions
)
LaTeX Font Info:    ... okay on input line 25.
LaTeX Font Info:    Try loading font information for T1+phv on input line 25.

("C:\Users\jrgonzalez\AppData\Local\Programs\MiKTeX 2.9\tex\latex\psnfss\t1phv.
fd"
File: t1phv.fd 2001/06/04 scalable font definitions for T1/phv.
)
*geometry* driver: auto-detecting
*geometry* detected driver: pdftex
*geometry* verbose mode - [ preamble ] result:
* driver: pdftex
* paper: custom
* layout: <same size as paper>
* layoutoffset:(h,v)=(0.0pt,0.0pt)
* modes: includehead includefoot 
* h-part:(L,W,R)=(28.45274pt, 307.28987pt, 28.45274pt)
* v-part:(T,H,B)=(0.0pt, 273.14662pt, 0.0pt)
* \paperwidth=364.19536pt
* \paperheight=273.14662pt
* \textwidth=307.28987pt
* \textheight=244.6939pt
* \oddsidemargin=-43.81725pt
* \evensidemargin=-43.81725pt
* \topmargin=-72.26999pt
* \headheight=14.22636pt
* \headsep=0.0pt
* \topskip=10.0pt
* \footskip=14.22636pt
* \marginparwidth=3.0pt
* \marginparsep=11.0pt
* \columnsep=10.0pt
* \skip\footins=9.0pt plus 4.0pt minus 2.0pt
* \hoffset=0.0pt
* \voffset=0.0pt
* \mag=1000
* \@twocolumnfalse
* \@twosidefalse
* \@mparswitchfalse
* \@reversemarginfalse
* (1in=72.27pt=25.4mm, 1cm=28.453pt)


("C:\Users\jrgonzalez\AppData\Local\Programs\MiKTeX 2.9\tex\context\base\supp-p
df.mkii"
[Loading MPS to PDF converter (version 2006.09.02).]
\scratchcounter=\count172
\scratchdimen=\dimen269
\scratchbox=\box80
\nofMPsegments=\count173
\nofMParguments=\count174
\everyMPshowfont=\toks47
\MPscratchCnt=\count175
\MPscratchDim=\dimen270
\MPnumerator=\count176
\makeMPintoPDFobject=\count177
\everyMPtoPDFconversion=\toks48
) ABD: EveryShipout initializing macros
\AtBeginShipoutBox=\box81
Package hyperref Info: Link coloring OFF on input line 25.

("C:\Users\jrgonzalez\AppData\Local\Programs\MiKTeX 2.9\tex\latex\hyperref\name
ref.sty"
Package: nameref 2016/05/21 v2.44 Cross-referencing by name of section

("C:\Users\jrgonzalez\AppData\Local\Programs\MiKTeX 2.9\tex\generic\oberdiek\ge
ttitlestring.sty"
Package: gettitlestring 2016/05/16 v1.5 Cleanup title references (HO)
)
\c@section@level=\count178
)
LaTeX Info: Redefining \ref on input line 25.
LaTeX Info: Redefining \pageref on input line 25.
LaTeX Info: Redefining \nameref on input line 25.
 (Continuous_longitudinal_data_II.out)
(Continuous_longitudinal_data_II.out)
\@outlinefile=\write6
\openout6 = `Continuous_longitudinal_data_II.out'.

LaTeX Font Info:    Overwriting symbol font `operators' in version `normal'
(Font)                  OT1/cmr/m/n --> OT1/cmss/m/n on input line 25.
LaTeX Font Info:    Overwriting symbol font `operators' in version `bold'
(Font)                  OT1/cmr/bx/n --> OT1/cmss/bx/n on input line 25.
\symnumbers=\mathgroup8
\sympureletters=\mathgroup9
LaTeX Font Info:    Overwriting math alphabet `\mathrm' in version `normal'
(Font)                  OT1/cmss/m/n --> T1/ptm/m/n on input line 25.
LaTeX Font Info:    Redeclaring math alphabet \mathbf on input line 25.
LaTeX Font Info:    Overwriting math alphabet `\mathbf' in version `normal'
(Font)                  OT1/cmr/bx/n --> T1/phv/bx/n on input line 25.
LaTeX Font Info:    Overwriting math alphabet `\mathbf' in version `bold'
(Font)                  OT1/cmr/bx/n --> T1/phv/bx/n on input line 25.
LaTeX Font Info:    Redeclaring math alphabet \mathsf on input line 25.
LaTeX Font Info:    Overwriting math alphabet `\mathsf' in version `normal'
(Font)                  OT1/cmss/m/n --> T1/phv/m/n on input line 25.
LaTeX Font Info:    Overwriting math alphabet `\mathsf' in version `bold'
(Font)                  OT1/cmss/bx/n --> T1/phv/m/n on input line 25.
LaTeX Font Info:    Redeclaring math alphabet \mathit on input line 25.
LaTeX Font Info:    Overwriting math alphabet `\mathit' in version `normal'
(Font)                  OT1/cmr/m/it --> T1/phv/m/it on input line 25.
LaTeX Font Info:    Overwriting math alphabet `\mathit' in version `bold'
(Font)                  OT1/cmr/bx/it --> T1/phv/m/it on input line 25.
LaTeX Font Info:    Redeclaring math alphabet \mathtt on input line 25.
LaTeX Font Info:    Overwriting math alphabet `\mathtt' in version `normal'
(Font)                  OT1/cmtt/m/n --> T1/pcr/m/n on input line 25.
LaTeX Font Info:    Overwriting math alphabet `\mathtt' in version `bold'
(Font)                  OT1/cmtt/m/n --> T1/pcr/m/n on input line 25.
LaTeX Font Info:    Overwriting symbol font `numbers' in version `bold'
(Font)                  T1/phv/m/n --> T1/phv/bx/n on input line 25.
LaTeX Font Info:    Overwriting symbol font `pureletters' in version `bold'
(Font)                  T1/phv/m/it --> T1/phv/bx/it on input line 25.
LaTeX Font Info:    Overwriting math alphabet `\mathrm' in version `bold'
(Font)                  OT1/cmss/bx/n --> T1/ptm/bx/n on input line 25.
LaTeX Font Info:    Overwriting math alphabet `\mathbf' in version `bold'
(Font)                  T1/phv/bx/n --> T1/phv/bx/n on input line 25.
LaTeX Font Info:    Overwriting math alphabet `\mathsf' in version `bold'
(Font)                  T1/phv/m/n --> T1/phv/bx/n on input line 25.
LaTeX Font Info:    Overwriting math alphabet `\mathit' in version `bold'
(Font)                  T1/phv/m/it --> T1/phv/bx/it on input line 25.
LaTeX Font Info:    Overwriting math alphabet `\mathtt' in version `bold'
(Font)                  T1/pcr/m/n --> T1/pcr/bx/n on input line 25.

("C:\Users\jrgonzalez\AppData\Local\Programs\MiKTeX 2.9\tex\latex\beamer\transl
ator\dicts\translator-basic-dictionary\translator-basic-dictionary-English.dict
"
Dictionary: translator-basic-dictionary, Language: English 
)
("C:\Users\jrgonzalez\AppData\Local\Programs\MiKTeX 2.9\tex\latex\beamer\transl
ator\dicts\translator-bibliography-dictionary\translator-bibliography-dictionar
y-English.dict"
Dictionary: translator-bibliography-dictionary, Language: English 
)
("C:\Users\jrgonzalez\AppData\Local\Programs\MiKTeX 2.9\tex\latex\beamer\transl
ator\dicts\translator-environment-dictionary\translator-environment-dictionary-
English.dict"
Dictionary: translator-environment-dictionary, Language: English 
)
("C:\Users\jrgonzalez\AppData\Local\Programs\MiKTeX 2.9\tex\latex\beamer\transl
ator\dicts\translator-months-dictionary\translator-months-dictionary-English.di
ct"
Dictionary: translator-months-dictionary, Language: English 
)
("C:\Users\jrgonzalez\AppData\Local\Programs\MiKTeX 2.9\tex\latex\beamer\transl
ator\dicts\translator-numbers-dictionary\translator-numbers-dictionary-English.
dict"
Dictionary: translator-numbers-dictionary, Language: English 
)
("C:\Users\jrgonzalez\AppData\Local\Programs\MiKTeX 2.9\tex\latex\beamer\transl
ator\dicts\translator-theorem-dictionary\translator-theorem-dictionary-English.
dict"
Dictionary: translator-theorem-dictionary, Language: English 
)
LaTeX Info: Redefining \includegraphics on input line 25.
LaTeX Info: Redefining \. on input line 25.
LaTeX Info: Redefining \% on input line 25.
 (Continuous_longitudinal_data_II.nav)
LaTeX Font Info:    Font shape `T1/phv/bx/n' in size <5> not available
(Font)              Font shape `T1/phv/b/n' tried instead on input line 25.

(Continuous_longitudinal_data_II-concordance.tex)
<simbolCREALclar2.jpg, id=23, 798.1017pt x 784.6113pt>
File: simbolCREALclar2.jpg Graphic file (type jpg)

<use simbolCREALclar2.jpg>
Package pdftex.def Info: simbolCREALclar2.jpg used on input line 30.
(pdftex.def)             Requested size: 364.19536pt x 358.04028pt.
LaTeX Font Info:    Font shape `T1/phv/bx/n' in size <4> not available
(Font)              Font shape `T1/phv/b/n' tried instead on input line 30.
 [1

{C:/Users/jrgonzalez/AppData/Local/MiKTeX/2.9/pdftex/config/pdftex.map} <./simb
olCREALclar2.jpg>]
\openout4 = `Continuous_longitudinal_data_II.vrb'.


(Continuous_longitudinal_data_II.vrb
LaTeX Font Info:    Font shape `T1/phv/m/it' in size <9> not available
(Font)              Font shape `T1/phv/m/sl' tried instead on input line 10.
)
File: simbolCREALclar2.jpg Graphic file (type jpg)
 <use simbolCREALclar2.jpg>
Package pdftex.def Info: simbolCREALclar2.jpg used on input line 46.
(pdftex.def)             Requested size: 364.19536pt x 358.04028pt.
 [2

]
\openout4 = `Continuous_longitudinal_data_II.vrb'.


(Continuous_longitudinal_data_II.vrb)
File: simbolCREALclar2.jpg Graphic file (type jpg)
 <use simbolCREALclar2.jpg>
Package pdftex.def Info: simbolCREALclar2.jpg used on input line 61.
(pdftex.def)             Requested size: 364.19536pt x 358.04028pt.
 [3

]
\openout4 = `Continuous_longitudinal_data_II.vrb'.


(Continuous_longitudinal_data_II.vrb)
File: simbolCREALclar2.jpg Graphic file (type jpg)
 <use simbolCREALclar2.jpg>
Package pdftex.def Info: simbolCREALclar2.jpg used on input line 76.
(pdftex.def)             Requested size: 364.19536pt x 358.04028pt.
 [4

]
\openout4 = `Continuous_longitudinal_data_II.vrb'.


(Continuous_longitudinal_data_II.vrb
LaTeX Font Info:    Try loading font information for U+msa on input line 6.

("C:\Users\jrgonzalez\AppData\Local\Programs\MiKTeX 2.9\tex\latex\amsfonts\umsa
.fd"
File: umsa.fd 2013/01/14 v3.01 AMS symbols A
)
LaTeX Font Info:    Try loading font information for U+msb on input line 6.

("C:\Users\jrgonzalez\AppData\Local\Programs\MiKTeX 2.9\tex\latex\amsfonts\umsb
.fd"
File: umsb.fd 2013/01/14 v3.01 AMS symbols B
)
LaTeX Font Info:    Try loading font information for U+lasy on input line 6.

("C:\Users\jrgonzalez\AppData\Local\Programs\MiKTeX 2.9\tex\latex\base\ulasy.fd
"
File: ulasy.fd 1998/08/17 v2.2e LaTeX symbol font definitions
)
LaTeX Font Info:    Try loading font information for U+wasy on input line 6.

("C:\Users\jrgonzalez\AppData\Local\Programs\MiKTeX 2.9\tex\latex\wasysym\uwasy
.fd"
File: uwasy.fd 2003/10/30 v2.0 Wasy-2 symbol font definitions
)
LaTeX Font Info:    Font shape `T1/phv/m/it' in size <10> not available
(Font)              Font shape `T1/phv/m/sl' tried instead on input line 6.
LaTeX Font Info:    Font shape `T1/phv/m/it' in size <7> not available
(Font)              Font shape `T1/phv/m/sl' tried instead on input line 6.
LaTeX Font Info:    Font shape `T1/phv/m/it' in size <5> not available
(Font)              Font shape `T1/phv/m/sl' tried instead on input line 6.
)
File: simbolCREALclar2.jpg Graphic file (type jpg)
 <use simbolCREALclar2.jpg>
Package pdftex.def Info: simbolCREALclar2.jpg used on input line 96.
(pdftex.def)             Requested size: 364.19536pt x 358.04028pt.
 [5

]
\openout4 = `Continuous_longitudinal_data_II.vrb'.

 (Continuous_longitudinal_data_II.vrb

LaTeX Warning: Command \' invalid in math mode on input line 5.

Missing character: There is no  in font cmss10!
LaTeX Font Info:    Font shape `T1/phv/m/it' in size <6> not available
(Font)              Font shape `T1/phv/m/sl' tried instead on input line 7.
)
File: simbolCREALclar2.jpg Graphic file (type jpg)
 <use simbolCREALclar2.jpg>
Package pdftex.def Info: simbolCREALclar2.jpg used on input line 116.
(pdftex.def)             Requested size: 364.19536pt x 358.04028pt.
 [6

]
\openout4 = `Continuous_longitudinal_data_II.vrb'.

 (Continuous_longitudinal_data_II.vrb
LaTeX Font Info:    Try loading font information for T1+pcr on input line 7.

("C:\Users\jrgonzalez\AppData\Local\Programs\MiKTeX 2.9\tex\latex\psnfss\t1pcr.
fd"
File: t1pcr.fd 2001/06/04 font definitions for T1/pcr.
))
File: simbolCREALclar2.jpg Graphic file (type jpg)
 <use simbolCREALclar2.jpg>
Package pdftex.def Info: simbolCREALclar2.jpg used on input line 147.
(pdftex.def)             Requested size: 364.19536pt x 358.04028pt.
 [7

]
\openout4 = `Continuous_longitudinal_data_II.vrb'.

 (Continuous_longitudinal_data_II.vrb)
File: simbolCREALclar2.jpg Graphic file (type jpg)

<use simbolCREALclar2.jpg>
Package pdftex.def Info: simbolCREALclar2.jpg used on input line 174.
(pdftex.def)             Requested size: 364.19536pt x 358.04028pt.
 [8

]
\openout4 = `Continuous_longitudinal_data_II.vrb'.

 (Continuous_longitudinal_data_II.vrb
LaTeX Font Info:    Font shape `T1/phv/bx/n' in size <10> not available
(Font)              Font shape `T1/phv/b/n' tried instead on input line 7.
)
File: simbolCREALclar2.jpg Graphic file (type jpg)

<use simbolCREALclar2.jpg>
Package pdftex.def Info: simbolCREALclar2.jpg used on input line 199.
(pdftex.def)             Requested size: 364.19536pt x 358.04028pt.
 [9

]
\openout4 = `Continuous_longitudinal_data_II.vrb'.

 (Continuous_longitudinal_data_II.vrb)
File: simbolCREALclar2.jpg Graphic file (type jpg)

<use simbolCREALclar2.jpg>
Package pdftex.def Info: simbolCREALclar2.jpg used on input line 228.
(pdftex.def)             Requested size: 364.19536pt x 358.04028pt.
 [10

]
\openout4 = `Continuous_longitudinal_data_II.vrb'.

 (Continuous_longitudinal_data_II.vrb)
File: simbolCREALclar2.jpg Graphic file (type jpg)

<use simbolCREALclar2.jpg>
Package pdftex.def Info: simbolCREALclar2.jpg used on input line 250.
(pdftex.def)             Requested size: 364.19536pt x 358.04028pt.
 [11

]
\openout4 = `Continuous_longitudinal_data_II.vrb'.

 (Continuous_longitudinal_data_II.vrb)
File: simbolCREALclar2.jpg Graphic file (type jpg)

<use simbolCREALclar2.jpg>
Package pdftex.def Info: simbolCREALclar2.jpg used on input line 278.
(pdftex.def)             Requested size: 364.19536pt x 358.04028pt.
 [12

]
\openout4 = `Continuous_longitudinal_data_II.vrb'.

 (Continuous_longitudinal_data_II.vrb)
File: simbolCREALclar2.jpg Graphic file (type jpg)

<use simbolCREALclar2.jpg>
Package pdftex.def Info: simbolCREALclar2.jpg used on input line 310.
(pdftex.def)             Requested size: 364.19536pt x 358.04028pt.
 [13

]
\openout4 = `Continuous_longitudinal_data_II.vrb'.

 (Continuous_longitudinal_data_II.vrb)
File: simbolCREALclar2.jpg Graphic file (type jpg)

<use simbolCREALclar2.jpg>
Package pdftex.def Info: simbolCREALclar2.jpg used on input line 325.
(pdftex.def)             Requested size: 364.19536pt x 358.04028pt.
 [14

]
\openout4 = `Continuous_longitudinal_data_II.vrb'.

 (Continuous_longitudinal_data_II.vrb)
File: simbolCREALclar2.jpg Graphic file (type jpg)

<use simbolCREALclar2.jpg>
Package pdftex.def Info: simbolCREALclar2.jpg used on input line 337.
(pdftex.def)             Requested size: 364.19536pt x 358.04028pt.
 [15

]
\openout4 = `Continuous_longitudinal_data_II.vrb'.

 (Continuous_longitudinal_data_II.vrb)
File: simbolCREALclar2.jpg Graphic file (type jpg)

<use simbolCREALclar2.jpg>
Package pdftex.def Info: simbolCREALclar2.jpg used on input line 367.
(pdftex.def)             Requested size: 364.19536pt x 358.04028pt.
 [16

]
\openout4 = `Continuous_longitudinal_data_II.vrb'.

 (Continuous_longitudinal_data_II.vrb)
File: simbolCREALclar2.jpg Graphic file (type jpg)

<use simbolCREALclar2.jpg>
Package pdftex.def Info: simbolCREALclar2.jpg used on input line 391.
(pdftex.def)             Requested size: 364.19536pt x 358.04028pt.
 [17

]
\openout4 = `Continuous_longitudinal_data_II.vrb'.

 (Continuous_longitudinal_data_II.vrb)
File: simbolCREALclar2.jpg Graphic file (type jpg)

<use simbolCREALclar2.jpg>
Package pdftex.def Info: simbolCREALclar2.jpg used on input line 422.
(pdftex.def)             Requested size: 364.19536pt x 358.04028pt.
 [18

]
\openout4 = `Continuous_longitudinal_data_II.vrb'.

 (Continuous_longitudinal_data_II.vrb
<Continuous_longitudinal_data_II-grafica.pdf, id=154, 433.62pt x 433.62pt>
File: Continuous_longitudinal_data_II-grafica.pdf Graphic file (type pdf)

<use Continuous_longitudinal_data_II-grafica.pdf>
Package pdftex.def Info: Continuous_longitudinal_data_II-grafica.pdf used on in
put line 10.
(pdftex.def)             Requested size: 184.3758pt x 184.37538pt.
)
File: simbolCREALclar2.jpg Graphic file (type jpg)
 <use simbolCREALclar2.jpg>
Package pdftex.def Info: simbolCREALclar2.jpg used on input line 434.
(pdftex.def)             Requested size: 364.19536pt x 358.04028pt.

[19

 <./Continuous_longitudinal_data_II-grafica.pdf>]
\openout4 = `Continuous_longitudinal_data_II.vrb'.


(Continuous_longitudinal_data_II.vrb)
File: simbolCREALclar2.jpg Graphic file (type jpg)
 <use simbolCREALclar2.jpg>
Package pdftex.def Info: simbolCREALclar2.jpg used on input line 467.
(pdftex.def)             Requested size: 364.19536pt x 358.04028pt.
 [20

]
\openout4 = `Continuous_longitudinal_data_II.vrb'.


(Continuous_longitudinal_data_II.vrb
LaTeX Font Info:    Try loading font information for TS1+pcr on input line 26.

("C:\Users\jrgonzalez\AppData\Local\Programs\MiKTeX 2.9\tex\latex\psnfss\ts1pcr
.fd"
File: ts1pcr.fd 2001/06/04 font definitions for TS1/pcr.
))
File: simbolCREALclar2.jpg Graphic file (type jpg)
 <use simbolCREALclar2.jpg>
Package pdftex.def Info: simbolCREALclar2.jpg used on input line 502.
(pdftex.def)             Requested size: 364.19536pt x 358.04028pt.
 [21

]
\openout4 = `Continuous_longitudinal_data_II.vrb'.

 (Continuous_longitudinal_data_II.vrb)
File: simbolCREALclar2.jpg Graphic file (type jpg)

<use simbolCREALclar2.jpg>
Package pdftex.def Info: simbolCREALclar2.jpg used on input line 532.
(pdftex.def)             Requested size: 364.19536pt x 358.04028pt.
 [22

]
\openout4 = `Continuous_longitudinal_data_II.vrb'.

 (Continuous_longitudinal_data_II.vrb
<Continuous_longitudinal_data_II-verificar.pdf, id=185, 433.62pt x 433.62pt>
File: Continuous_longitudinal_data_II-verificar.pdf Graphic file (type pdf)

<use Continuous_longitudinal_data_II-verificar.pdf>
Package pdftex.def Info: Continuous_longitudinal_data_II-verificar.pdf used on 
input line 10.
(pdftex.def)             Requested size: 184.3758pt x 184.37538pt.
)
File: simbolCREALclar2.jpg Graphic file (type jpg)

<use simbolCREALclar2.jpg>
Package pdftex.def Info: simbolCREALclar2.jpg used on input line 545.
(pdftex.def)             Requested size: 364.19536pt x 358.04028pt.
 [23

 <./Continuous_longitudinal_data_II-verificar.pdf>]
\tf@nav=\write7
\openout7 = `Continuous_longitudinal_data_II.nav'.

\tf@toc=\write8
\openout8 = `Continuous_longitudinal_data_II.toc'.

\tf@snm=\write9
\openout9 = `Continuous_longitudinal_data_II.snm'.

Package atveryend Info: Empty hook `BeforeClearDocument' on input line 549.
Package atveryend Info: Empty hook `AfterLastShipout' on input line 549.
 (Continuous_longitudinal_data_II.aux
LaTeX Info: Redefining \. on input line 23.
LaTeX Info: Redefining \% on input line 23.
)
Package atveryend Info: Executing hook `AtVeryEndDocument' on input line 549.
Package atveryend Info: Executing hook `AtEndAfterFileList' on input line 549.
Package rerunfilecheck Info: File `Continuous_longitudinal_data_II.out' has not
 changed.
(rerunfilecheck)             Checksum: D41D8CD98F00B204E9800998ECF8427E;0.
 ) 
Here is how much of TeX's memory you used:
 19877 strings out of 493333
 378409 string characters out of 3127972
 446173 words of memory out of 3000000
 22755 multiletter control sequences out of 15000+200000
 56367 words of font info for 86 fonts, out of 3000000 for 9000
 1141 hyphenation exceptions out of 8191
 56i,16n,60p,839b,535s stack positions out of 5000i,500n,10000p,200000b,50000s
{C:/Users/jrgonzalez/AppData/Local/Programs/MiKTeX 2.9/fonts/enc/dvips/base/8
r.enc}<C:/Users/jrgonzalez/AppData/Local/Programs/MiKTeX 2.9/fonts/type1/public
/amsfonts/cm/cmmi10.pfb><C:/Users/jrgonzalez/AppData/Local/Programs/MiKTeX 2.9/
fonts/type1/public/amsfonts/cm/cmmi9.pfb><C:/Users/jrgonzalez/AppData/Local/Pro
grams/MiKTeX 2.9/fonts/type1/public/amsfonts/cm/cmss10.pfb><C:/Users/jrgonzalez
/AppData/Local/Programs/MiKTeX 2.9/fonts/type1/public/amsfonts/cm/cmss9.pfb><C:
/Users/jrgonzalez/AppData/Local/Programs/MiKTeX 2.9/fonts/type1/public/amsfonts
/cm/cmsy10.pfb><C:/Users/jrgonzalez/AppData/Local/Programs/MiKTeX 2.9/fonts/typ
e1/public/amsfonts/cm/cmsy6.pfb><C:/Users/jrgonzalez/AppData/Local/Programs/MiK
TeX 2.9/fonts/type1/public/amsfonts/cm/cmsy7.pfb><C:/Users/jrgonzalez/AppData/L
ocal/Programs/MiKTeX 2.9/fonts/type1/urw/courier/ucrr8a.pfb><C:/Users/jrgonzale
z/AppData/Local/Programs/MiKTeX 2.9/fonts/type1/urw/courier/ucrro8a.pfb><C:/Use
rs/jrgonzalez/AppData/Local/Programs/MiKTeX 2.9/fonts/type1/urw/helvetic/uhvb8a
.pfb><C:/Users/jrgonzalez/AppData/Local/Programs/MiKTeX 2.9/fonts/type1/urw/hel
vetic/uhvr8a.pfb><C:/Users/jrgonzalez/AppData/Local/Programs/MiKTeX 2.9/fonts/t
ype1/urw/helvetic/uhvro8a.pfb>
Output written on Continuous_longitudinal_data_II.pdf (23 pages, 1396221 bytes)
.
PDF statistics:
 247 PDF objects out of 1000 (max. 8388607)
 47 named destinations out of 1000 (max. 500000)
 104 words of extra memory for PDF output out of 10000 (max. 10000000)

