This is pdfTeX, Version 3.14159265-2.6-1.40.17 (MiKTeX 2.9.6100 64-bit) (preloaded format=pdflatex 2016.12.13)  31 MAY 2018 10:12
entering extended mode
**./Multi_Omic.tex
(Multi_Omic.tex
LaTeX2e <2016/03/31> patch level 3
Babel <3.9r> and hyphenation patterns for 75 language(s) loaded.

("C:\Users\jrgonzalez\AppData\Local\Programs\MiKTeX 2.9\tex\latex\beamer\beamer
.cls"
Document Class: beamer 2017/01/01 v3.37 A class for typesetting presentations

("C:\Users\jrgonzalez\AppData\Local\Programs\MiKTeX 2.9\tex\latex\etoolbox\etoo
lbox.sty"
Package: etoolbox 2017/01/02 v2.4 e-TeX tools for LaTeX (JAW)
\etb@tempcnta=\count79
)
("C:\Users\jrgonzalez\AppData\Local\Programs\MiKTeX 2.9\tex\latex\beamer\beamer
basemodes.sty"
\beamer@tempbox=\box26
\beamer@tempcount=\count80
\c@beamerpauses=\count81

("C:\Users\jrgonzalez\AppData\Local\Programs\MiKTeX 2.9\tex\latex\beamer\beamer
basedecode.sty"
\beamer@slideinframe=\count82
\beamer@minimum=\count83
)
\beamer@commentbox=\box27
\beamer@modecount=\count84
)
("C:\Users\jrgonzalez\AppData\Local\Programs\MiKTeX 2.9\tex\generic\oberdiek\if
pdf.sty"
Package: ifpdf 2016/05/14 v3.1 Provides the ifpdf switch
)
\headheight=\dimen102
\headdp=\dimen103
\footheight=\dimen104
\sidebarheight=\dimen105
\beamer@tempdim=\dimen106
\beamer@finalheight=\dimen107
\beamer@animht=\dimen108
\beamer@animdp=\dimen109
\beamer@animwd=\dimen110
\beamer@leftmargin=\dimen111
\beamer@rightmargin=\dimen112
\beamer@leftsidebar=\dimen113
\beamer@rightsidebar=\dimen114
\beamer@boxsize=\dimen115
\beamer@vboxoffset=\dimen116
\beamer@descdefault=\dimen117
\beamer@descriptionwidth=\dimen118
\beamer@lastskip=\skip41
\beamer@areabox=\box28
\beamer@animcurrent=\box29
\beamer@animshowbox=\box30
\beamer@sectionbox=\box31
\beamer@logobox=\box32
\beamer@linebox=\box33
\beamer@sectioncount=\count85
\beamer@subsubsectionmax=\count86
\beamer@subsectionmax=\count87
\beamer@sectionmax=\count88
\beamer@totalheads=\count89
\beamer@headcounter=\count90
\beamer@partstartpage=\count91
\beamer@sectionstartpage=\count92
\beamer@subsectionstartpage=\count93
\beamer@animationtempa=\count94
\beamer@animationtempb=\count95
\beamer@xpos=\count96
\beamer@ypos=\count97
\beamer@showpartnumber=\count98
\beamer@currentsubsection=\count99
\beamer@coveringdepth=\count100
\beamer@sectionadjust=\count101
\beamer@tocsectionnumber=\count102

("C:\Users\jrgonzalez\AppData\Local\Programs\MiKTeX 2.9\tex\latex\beamer\beamer
baseoptions.sty"
("C:\Users\jrgonzalez\AppData\Local\Programs\MiKTeX 2.9\tex\latex\graphics\keyv
al.sty"
Package: keyval 2014/10/28 v1.15 key=value parser (DPC)
\KV@toks@=\toks14
))
\beamer@paperwidth=\skip42
\beamer@paperheight=\skip43

("C:\Users\jrgonzalez\AppData\Local\Programs\MiKTeX 2.9\tex\latex\geometry\geom
etry.sty"
Package: geometry 2010/09/12 v5.6 Page Geometry

("C:\Users\jrgonzalez\AppData\Local\Programs\MiKTeX 2.9\tex\generic\oberdiek\if
vtex.sty"
Package: ifvtex 2016/05/16 v1.6 Detect VTeX and its facilities (HO)
Package ifvtex Info: VTeX not detected.
)
("C:\Users\jrgonzalez\AppData\Local\Programs\MiKTeX 2.9\tex\generic\ifxetex\ifx
etex.sty"
Package: ifxetex 2010/09/12 v0.6 Provides ifxetex conditional
)
\Gm@cnth=\count103
\Gm@cntv=\count104
\c@Gm@tempcnt=\count105
\Gm@bindingoffset=\dimen119
\Gm@wd@mp=\dimen120
\Gm@odd@mp=\dimen121
\Gm@even@mp=\dimen122
\Gm@layoutwidth=\dimen123
\Gm@layoutheight=\dimen124
\Gm@layouthoffset=\dimen125
\Gm@layoutvoffset=\dimen126
\Gm@dimlist=\toks15

("C:\Users\jrgonzalez\AppData\Local\Programs\MiKTeX 2.9\tex\latex\geometry\geom
etry.cfg"))
("C:\Users\jrgonzalez\AppData\Local\Programs\MiKTeX 2.9\tex\latex\base\size10.c
lo"
File: size10.clo 2014/09/29 v1.4h Standard LaTeX file (size option)
)
("C:\Users\jrgonzalez\AppData\Local\Programs\MiKTeX 2.9\tex\latex\pgf\basiclaye
r\pgfcore.sty"
("C:\Users\jrgonzalez\AppData\Local\Programs\MiKTeX 2.9\tex\latex\graphics\grap
hicx.sty"
Package: graphicx 2014/10/28 v1.0g Enhanced LaTeX Graphics (DPC,SPQR)

("C:\Users\jrgonzalez\AppData\Local\Programs\MiKTeX 2.9\tex\latex\graphics\grap
hics.sty"
Package: graphics 2016/07/10 v1.0t Standard LaTeX Graphics (DPC,SPQR)

("C:\Users\jrgonzalez\AppData\Local\Programs\MiKTeX 2.9\tex\latex\graphics\trig
.sty"
Package: trig 2016/01/03 v1.10 sin cos tan (DPC)
)
("C:\Users\jrgonzalez\AppData\Local\Programs\MiKTeX 2.9\tex\latex\graphics-cfg\
graphics.cfg"
File: graphics.cfg 2016/06/04 v1.11 sample graphics configuration
)
Package graphics Info: Driver file: pdftex.def on input line 99.

("C:\Users\jrgonzalez\AppData\Local\Programs\MiKTeX 2.9\tex\latex\graphics-def\
pdftex.def"
File: pdftex.def 2016/07/10 v0.06j Graphics/color for pdfTeX

("C:\Users\jrgonzalez\AppData\Local\Programs\MiKTeX 2.9\tex\generic\oberdiek\in
fwarerr.sty"
Package: infwarerr 2016/05/16 v1.4 Providing info/warning/error messages (HO)
)
("C:\Users\jrgonzalez\AppData\Local\Programs\MiKTeX 2.9\tex\generic\oberdiek\lt
xcmds.sty"
Package: ltxcmds 2016/05/16 v1.23 LaTeX kernel commands for general use (HO)
)
\Gread@gobject=\count106
))
\Gin@req@height=\dimen127
\Gin@req@width=\dimen128
)
("C:\Users\jrgonzalez\AppData\Local\Programs\MiKTeX 2.9\tex\latex\pgf\systemlay
er\pgfsys.sty"
("C:\Users\jrgonzalez\AppData\Local\Programs\MiKTeX 2.9\tex\latex\pgf\utilities
\pgfrcs.sty"
("C:\Users\jrgonzalez\AppData\Local\Programs\MiKTeX 2.9\tex\generic\pgf\utiliti
es\pgfutil-common.tex"
\pgfutil@everybye=\toks16
\pgfutil@tempdima=\dimen129
\pgfutil@tempdimb=\dimen130

("C:\Users\jrgonzalez\AppData\Local\Programs\MiKTeX 2.9\tex\generic\pgf\utiliti
es\pgfutil-common-lists.tex"))
("C:\Users\jrgonzalez\AppData\Local\Programs\MiKTeX 2.9\tex\generic\pgf\utiliti
es\pgfutil-latex.def"
\pgfutil@abb=\box34

("C:\Users\jrgonzalez\AppData\Local\Programs\MiKTeX 2.9\tex\latex\ms\everyshi.s
ty"
Package: everyshi 2001/05/15 v3.00 EveryShipout Package (MS)
))
("C:\Users\jrgonzalez\AppData\Local\Programs\MiKTeX 2.9\tex\generic\pgf\utiliti
es\pgfrcs.code.tex"
Package: pgfrcs 2015/08/07 v3.0.1a (rcs-revision 1.31)
))
("C:\Users\jrgonzalez\AppData\Local\Programs\MiKTeX 2.9\tex\generic\pgf\systeml
ayer\pgfsys.code.tex"
Package: pgfsys 2014/07/09 v3.0.1a (rcs-revision 1.48)

("C:\Users\jrgonzalez\AppData\Local\Programs\MiKTeX 2.9\tex\generic\pgf\utiliti
es\pgfkeys.code.tex"
\pgfkeys@pathtoks=\toks17
\pgfkeys@temptoks=\toks18

("C:\Users\jrgonzalez\AppData\Local\Programs\MiKTeX 2.9\tex\generic\pgf\utiliti
es\pgfkeysfiltered.code.tex"
\pgfkeys@tmptoks=\toks19
))
\pgf@x=\dimen131
\pgf@y=\dimen132
\pgf@xa=\dimen133
\pgf@ya=\dimen134
\pgf@xb=\dimen135
\pgf@yb=\dimen136
\pgf@xc=\dimen137
\pgf@yc=\dimen138
\w@pgf@writea=\write3
\r@pgf@reada=\read1
\c@pgf@counta=\count107
\c@pgf@countb=\count108
\c@pgf@countc=\count109
\c@pgf@countd=\count110
\t@pgf@toka=\toks20
\t@pgf@tokb=\toks21
\t@pgf@tokc=\toks22

("C:\Users\jrgonzalez\AppData\Local\Programs\MiKTeX 2.9\tex\generic\pgf\systeml
ayer\pgf.cfg"
File: pgf.cfg 2008/05/14  (rcs-revision 1.7)
)
Driver file for pgf: pgfsys-pdftex.def

("C:\Users\jrgonzalez\AppData\Local\Programs\MiKTeX 2.9\tex\generic\pgf\systeml
ayer\pgfsys-pdftex.def"
File: pgfsys-pdftex.def 2014/10/11  (rcs-revision 1.35)

("C:\Users\jrgonzalez\AppData\Local\Programs\MiKTeX 2.9\tex\generic\pgf\systeml
ayer\pgfsys-common-pdf.def"
File: pgfsys-common-pdf.def 2013/10/10  (rcs-revision 1.13)
)))
("C:\Users\jrgonzalez\AppData\Local\Programs\MiKTeX 2.9\tex\generic\pgf\systeml
ayer\pgfsyssoftpath.code.tex"
File: pgfsyssoftpath.code.tex 2013/09/09  (rcs-revision 1.9)
\pgfsyssoftpath@smallbuffer@items=\count111
\pgfsyssoftpath@bigbuffer@items=\count112
)
("C:\Users\jrgonzalez\AppData\Local\Programs\MiKTeX 2.9\tex\generic\pgf\systeml
ayer\pgfsysprotocol.code.tex"
File: pgfsysprotocol.code.tex 2006/10/16  (rcs-revision 1.4)
))
("C:\Users\jrgonzalez\AppData\Local\Programs\MiKTeX 2.9\tex\latex\xcolor\xcolor
.sty"
Package: xcolor 2016/05/11 v2.12 LaTeX color extensions (UK)

("C:\Users\jrgonzalez\AppData\Local\Programs\MiKTeX 2.9\tex\latex\graphics-cfg\
color.cfg"
File: color.cfg 2016/01/02 v1.6 sample color configuration
)
Package xcolor Info: Driver file: pdftex.def on input line 225.
Package xcolor Info: Model `cmy' substituted by `cmy0' on input line 1348.
Package xcolor Info: Model `hsb' substituted by `rgb' on input line 1352.
Package xcolor Info: Model `RGB' extended on input line 1364.
Package xcolor Info: Model `HTML' substituted by `rgb' on input line 1366.
Package xcolor Info: Model `Hsb' substituted by `hsb' on input line 1367.
Package xcolor Info: Model `tHsb' substituted by `hsb' on input line 1368.
Package xcolor Info: Model `HSB' substituted by `hsb' on input line 1369.
Package xcolor Info: Model `Gray' substituted by `gray' on input line 1370.
Package xcolor Info: Model `wave' substituted by `hsb' on input line 1371.

("C:\Users\jrgonzalez\AppData\Local\Programs\MiKTeX 2.9\tex\latex\graphics\dvip
snam.def"
File: dvipsnam.def 2016/06/17 v3.0m Driver-dependent file (DPC,SPQR)
))
("C:\Users\jrgonzalez\AppData\Local\Programs\MiKTeX 2.9\tex\generic\pgf\basicla
yer\pgfcore.code.tex"
Package: pgfcore 2010/04/11 v3.0.1a (rcs-revision 1.7)

("C:\Users\jrgonzalez\AppData\Local\Programs\MiKTeX 2.9\tex\generic\pgf\math\pg
fmath.code.tex"
("C:\Users\jrgonzalez\AppData\Local\Programs\MiKTeX 2.9\tex\generic\pgf\math\pg
fmathcalc.code.tex"
("C:\Users\jrgonzalez\AppData\Local\Programs\MiKTeX 2.9\tex\generic\pgf\math\pg
fmathutil.code.tex")
("C:\Users\jrgonzalez\AppData\Local\Programs\MiKTeX 2.9\tex\generic\pgf\math\pg
fmathparser.code.tex"
\pgfmath@dimen=\dimen139
\pgfmath@count=\count113
\pgfmath@box=\box35
\pgfmath@toks=\toks23
\pgfmath@stack@operand=\toks24
\pgfmath@stack@operation=\toks25
)
("C:\Users\jrgonzalez\AppData\Local\Programs\MiKTeX 2.9\tex\generic\pgf\math\pg
fmathfunctions.code.tex"
("C:\Users\jrgonzalez\AppData\Local\Programs\MiKTeX 2.9\tex\generic\pgf\math\pg
fmathfunctions.basic.code.tex")
("C:\Users\jrgonzalez\AppData\Local\Programs\MiKTeX 2.9\tex\generic\pgf\math\pg
fmathfunctions.trigonometric.code.tex")
("C:\Users\jrgonzalez\AppData\Local\Programs\MiKTeX 2.9\tex\generic\pgf\math\pg
fmathfunctions.random.code.tex")
("C:\Users\jrgonzalez\AppData\Local\Programs\MiKTeX 2.9\tex\generic\pgf\math\pg
fmathfunctions.comparison.code.tex")
("C:\Users\jrgonzalez\AppData\Local\Programs\MiKTeX 2.9\tex\generic\pgf\math\pg
fmathfunctions.base.code.tex")
("C:\Users\jrgonzalez\AppData\Local\Programs\MiKTeX 2.9\tex\generic\pgf\math\pg
fmathfunctions.round.code.tex")
("C:\Users\jrgonzalez\AppData\Local\Programs\MiKTeX 2.9\tex\generic\pgf\math\pg
fmathfunctions.misc.code.tex")
("C:\Users\jrgonzalez\AppData\Local\Programs\MiKTeX 2.9\tex\generic\pgf\math\pg
fmathfunctions.integerarithmetics.code.tex")))
("C:\Users\jrgonzalez\AppData\Local\Programs\MiKTeX 2.9\tex\generic\pgf\math\pg
fmathfloat.code.tex"
\c@pgfmathroundto@lastzeros=\count114
))
("C:\Users\jrgonzalez\AppData\Local\Programs\MiKTeX 2.9\tex\generic\pgf\basicla
yer\pgfcorepoints.code.tex"
File: pgfcorepoints.code.tex 2013/10/07  (rcs-revision 1.27)
\pgf@picminx=\dimen140
\pgf@picmaxx=\dimen141
\pgf@picminy=\dimen142
\pgf@picmaxy=\dimen143
\pgf@pathminx=\dimen144
\pgf@pathmaxx=\dimen145
\pgf@pathminy=\dimen146
\pgf@pathmaxy=\dimen147
\pgf@xx=\dimen148
\pgf@xy=\dimen149
\pgf@yx=\dimen150
\pgf@yy=\dimen151
\pgf@zx=\dimen152
\pgf@zy=\dimen153
)
("C:\Users\jrgonzalez\AppData\Local\Programs\MiKTeX 2.9\tex\generic\pgf\basicla
yer\pgfcorepathconstruct.code.tex"
File: pgfcorepathconstruct.code.tex 2013/10/07  (rcs-revision 1.29)
\pgf@path@lastx=\dimen154
\pgf@path@lasty=\dimen155
)
("C:\Users\jrgonzalez\AppData\Local\Programs\MiKTeX 2.9\tex\generic\pgf\basicla
yer\pgfcorepathusage.code.tex"
File: pgfcorepathusage.code.tex 2014/11/02  (rcs-revision 1.24)
\pgf@shorten@end@additional=\dimen156
\pgf@shorten@start@additional=\dimen157
)
("C:\Users\jrgonzalez\AppData\Local\Programs\MiKTeX 2.9\tex\generic\pgf\basicla
yer\pgfcorescopes.code.tex"
File: pgfcorescopes.code.tex 2015/05/08  (rcs-revision 1.46)
\pgfpic=\box36
\pgf@hbox=\box37
\pgf@layerbox@main=\box38
\pgf@picture@serial@count=\count115
)
("C:\Users\jrgonzalez\AppData\Local\Programs\MiKTeX 2.9\tex\generic\pgf\basicla
yer\pgfcoregraphicstate.code.tex"
File: pgfcoregraphicstate.code.tex 2014/11/02  (rcs-revision 1.12)
\pgflinewidth=\dimen158
)
("C:\Users\jrgonzalez\AppData\Local\Programs\MiKTeX 2.9\tex\generic\pgf\basicla
yer\pgfcoretransformations.code.tex"
File: pgfcoretransformations.code.tex 2015/08/07  (rcs-revision 1.20)
\pgf@pt@x=\dimen159
\pgf@pt@y=\dimen160
\pgf@pt@temp=\dimen161
)
("C:\Users\jrgonzalez\AppData\Local\Programs\MiKTeX 2.9\tex\generic\pgf\basicla
yer\pgfcorequick.code.tex"
File: pgfcorequick.code.tex 2008/10/09  (rcs-revision 1.3)
)
("C:\Users\jrgonzalez\AppData\Local\Programs\MiKTeX 2.9\tex\generic\pgf\basicla
yer\pgfcoreobjects.code.tex"
File: pgfcoreobjects.code.tex 2006/10/11  (rcs-revision 1.2)
)
("C:\Users\jrgonzalez\AppData\Local\Programs\MiKTeX 2.9\tex\generic\pgf\basicla
yer\pgfcorepathprocessing.code.tex"
File: pgfcorepathprocessing.code.tex 2013/09/09  (rcs-revision 1.9)
)
("C:\Users\jrgonzalez\AppData\Local\Programs\MiKTeX 2.9\tex\generic\pgf\basicla
yer\pgfcorearrows.code.tex"
File: pgfcorearrows.code.tex 2015/05/14  (rcs-revision 1.43)
\pgfarrowsep=\dimen162
)
("C:\Users\jrgonzalez\AppData\Local\Programs\MiKTeX 2.9\tex\generic\pgf\basicla
yer\pgfcoreshade.code.tex"
File: pgfcoreshade.code.tex 2013/07/15  (rcs-revision 1.15)
\pgf@max=\dimen163
\pgf@sys@shading@range@num=\count116
)
("C:\Users\jrgonzalez\AppData\Local\Programs\MiKTeX 2.9\tex\generic\pgf\basicla
yer\pgfcoreimage.code.tex"
File: pgfcoreimage.code.tex 2013/07/15  (rcs-revision 1.18)

("C:\Users\jrgonzalez\AppData\Local\Programs\MiKTeX 2.9\tex\generic\pgf\basicla
yer\pgfcoreexternal.code.tex"
File: pgfcoreexternal.code.tex 2014/07/09  (rcs-revision 1.21)
\pgfexternal@startupbox=\box39
))
("C:\Users\jrgonzalez\AppData\Local\Programs\MiKTeX 2.9\tex\generic\pgf\basicla
yer\pgfcorelayers.code.tex"
File: pgfcorelayers.code.tex 2013/07/18  (rcs-revision 1.7)
)
("C:\Users\jrgonzalez\AppData\Local\Programs\MiKTeX 2.9\tex\generic\pgf\basicla
yer\pgfcoretransparency.code.tex"
File: pgfcoretransparency.code.tex 2013/09/30  (rcs-revision 1.5)
)
("C:\Users\jrgonzalez\AppData\Local\Programs\MiKTeX 2.9\tex\generic\pgf\basicla
yer\pgfcorepatterns.code.tex"
File: pgfcorepatterns.code.tex 2013/11/07  (rcs-revision 1.5)
)))
("C:\Users\jrgonzalez\AppData\Local\Programs\MiKTeX 2.9\tex\latex\pgf\utilities
\xxcolor.sty"
Package: xxcolor 2003/10/24 ver 0.1
\XC@nummixins=\count117
\XC@countmixins=\count118
)
("C:\Users\jrgonzalez\AppData\Local\Programs\MiKTeX 2.9\tex\generic\oberdiek\at
begshi.sty"
Package: atbegshi 2016/06/09 v1.18 At begin shipout hook (HO)
)
("C:\Users\jrgonzalez\AppData\Local\Programs\MiKTeX 2.9\tex\latex\hyperref\hype
rref.sty"
Package: hyperref 2016/06/24 v6.83q Hypertext links for LaTeX

("C:\Users\jrgonzalez\AppData\Local\Programs\MiKTeX 2.9\tex\generic\oberdiek\ho
bsub-hyperref.sty"
Package: hobsub-hyperref 2016/05/16 v1.14 Bundle oberdiek, subset hyperref (HO)


("C:\Users\jrgonzalez\AppData\Local\Programs\MiKTeX 2.9\tex\generic\oberdiek\ho
bsub-generic.sty"
Package: hobsub-generic 2016/05/16 v1.14 Bundle oberdiek, subset generic (HO)
Package: hobsub 2016/05/16 v1.14 Construct package bundles (HO)
Package hobsub Info: Skipping package `infwarerr' (already loaded).
Package hobsub Info: Skipping package `ltxcmds' (already loaded).
Package: ifluatex 2016/05/16 v1.4 Provides the ifluatex switch (HO)
Package ifluatex Info: LuaTeX not detected.
Package hobsub Info: Skipping package `ifvtex' (already loaded).
Package: intcalc 2016/05/16 v1.2 Expandable calculations with integers (HO)
Package hobsub Info: Skipping package `ifpdf' (already loaded).
Package: etexcmds 2016/05/16 v1.6 Avoid name clashes with e-TeX commands (HO)
Package etexcmds Info: Could not find \expanded.
(etexcmds)             That can mean that you are not using pdfTeX 1.50 or
(etexcmds)             that some package has redefined \expanded.
(etexcmds)             In the latter case, load this package earlier.
Package: kvsetkeys 2016/05/16 v1.17 Key value parser (HO)
Package: kvdefinekeys 2016/05/16 v1.4 Define keys (HO)
Package: pdftexcmds 2016/05/21 v0.22 Utility functions of pdfTeX for LuaTeX (HO
)
Package pdftexcmds Info: LuaTeX not detected.
Package pdftexcmds Info: \pdf@primitive is available.
Package pdftexcmds Info: \pdf@ifprimitive is available.
Package pdftexcmds Info: \pdfdraftmode found.
Package: pdfescape 2016/05/16 v1.14 Implements pdfTeX's escape features (HO)
Package: bigintcalc 2016/05/16 v1.4 Expandable calculations on big integers (HO
)
Package: bitset 2016/05/16 v1.2 Handle bit-vector datatype (HO)
Package: uniquecounter 2016/05/16 v1.3 Provide unlimited unique counter (HO)
)
Package hobsub Info: Skipping package `hobsub' (already loaded).
Package: letltxmacro 2016/05/16 v1.5 Let assignment for LaTeX macros (HO)
Package: hopatch 2016/05/16 v1.3 Wrapper for package hooks (HO)
Package: xcolor-patch 2016/05/16 xcolor patch
Package: atveryend 2016/05/16 v1.9 Hooks at the very end of document (HO)
Package hobsub Info: Skipping package `atbegshi' (already loaded).
Package: refcount 2016/05/16 v3.5 Data extraction from label references (HO)
Package: hycolor 2016/05/16 v1.8 Color options for hyperref/bookmark (HO)
)
("C:\Users\jrgonzalez\AppData\Local\Programs\MiKTeX 2.9\tex\latex\oberdiek\auxh
ook.sty"
Package: auxhook 2016/05/16 v1.4 Hooks for auxiliary files (HO)
)
("C:\Users\jrgonzalez\AppData\Local\Programs\MiKTeX 2.9\tex\latex\oberdiek\kvop
tions.sty"
Package: kvoptions 2016/05/16 v3.12 Key value format for package options (HO)
)
\@linkdim=\dimen164
\Hy@linkcounter=\count119
\Hy@pagecounter=\count120

("C:\Users\jrgonzalez\AppData\Local\Programs\MiKTeX 2.9\tex\latex\hyperref\pd1e
nc.def"
File: pd1enc.def 2016/06/24 v6.83q Hyperref: PDFDocEncoding definition (HO)
)
\Hy@SavedSpaceFactor=\count121

("C:\Users\jrgonzalez\AppData\Local\Programs\MiKTeX 2.9\tex\latex\00miktex\hype
rref.cfg"
File: hyperref.cfg 2002/06/06 v1.2 hyperref configuration of TeXLive
)
Package hyperref Info: Option `bookmarks' set `true' on input line 4362.
Package hyperref Info: Option `bookmarksopen' set `true' on input line 4362.
Package hyperref Info: Option `implicit' set `false' on input line 4362.
Package hyperref Info: Hyper figures OFF on input line 4486.
Package hyperref Info: Link nesting OFF on input line 4491.
Package hyperref Info: Hyper index ON on input line 4494.
Package hyperref Info: Plain pages OFF on input line 4501.
Package hyperref Info: Backreferencing OFF on input line 4506.
Package hyperref Info: Implicit mode OFF; no redefinition of LaTeX internals.
Package hyperref Info: Bookmarks ON on input line 4735.
\c@Hy@tempcnt=\count122

("C:\Users\jrgonzalez\AppData\Local\Programs\MiKTeX 2.9\tex\latex\url\url.sty"
\Urlmuskip=\muskip10
Package: url 2013/09/16  ver 3.4  Verb mode for urls, etc.
)
LaTeX Info: Redefining \url on input line 5088.
\XeTeXLinkMargin=\dimen165
\Fld@menulength=\count123
\Field@Width=\dimen166
\Fld@charsize=\dimen167
Package hyperref Info: Hyper figures OFF on input line 6342.
Package hyperref Info: Link nesting OFF on input line 6347.
Package hyperref Info: Hyper index ON on input line 6350.
Package hyperref Info: backreferencing OFF on input line 6357.
Package hyperref Info: Link coloring OFF on input line 6362.
Package hyperref Info: Link coloring with OCG OFF on input line 6367.
Package hyperref Info: PDF/A mode OFF on input line 6372.
LaTeX Info: Redefining \ref on input line 6412.
LaTeX Info: Redefining \pageref on input line 6416.
\Hy@abspage=\count124

Package hyperref Message: Stopped early.

)

Package hyperref Message: Driver (autodetected): hpdftex.


("C:\Users\jrgonzalez\AppData\Local\Programs\MiKTeX 2.9\tex\latex\hyperref\hpdf
tex.def"
File: hpdftex.def 2016/06/24 v6.83q Hyperref driver for pdfTeX
\Fld@listcount=\count125
\c@bookmark@seq@number=\count126

("C:\Users\jrgonzalez\AppData\Local\Programs\MiKTeX 2.9\tex\latex\oberdiek\reru
nfilecheck.sty"
Package: rerunfilecheck 2016/05/16 v1.8 Rerun checks for auxiliary files (HO)
Package uniquecounter Info: New unique counter `rerunfilecheck' on input line 2
82.
))
("C:\Users\jrgonzalez\AppData\Local\Programs\MiKTeX 2.9\tex\latex\beamer\beamer
baserequires.sty"
("C:\Users\jrgonzalez\AppData\Local\Programs\MiKTeX 2.9\tex\latex\beamer\beamer
basecompatibility.sty")
("C:\Users\jrgonzalez\AppData\Local\Programs\MiKTeX 2.9\tex\latex\beamer\beamer
basefont.sty"
("C:\Users\jrgonzalez\AppData\Local\Programs\MiKTeX 2.9\tex\latex\amsfonts\amss
ymb.sty"
Package: amssymb 2013/01/14 v3.01 AMS font symbols

("C:\Users\jrgonzalez\AppData\Local\Programs\MiKTeX 2.9\tex\latex\amsfonts\amsf
onts.sty"
Package: amsfonts 2013/01/14 v3.01 Basic AMSFonts support
\@emptytoks=\toks26
\symAMSa=\mathgroup4
\symAMSb=\mathgroup5
LaTeX Font Info:    Overwriting math alphabet `\mathfrak' in version `bold'
(Font)                  U/euf/m/n --> U/euf/b/n on input line 106.
))
("C:\Users\jrgonzalez\AppData\Local\Programs\MiKTeX 2.9\tex\latex\sansmathaccen
t\sansmathaccent.sty"
Package: sansmathaccent 2013/03/28

("C:\Users\jrgonzalez\AppData\Local\Programs\MiKTeX 2.9\tex\latex\filehook\file
hook.sty"
Package: filehook 2011/10/12 v0.5d Hooks for input files
)))
("C:\Users\jrgonzalez\AppData\Local\Programs\MiKTeX 2.9\tex\latex\beamer\beamer
basetranslator.sty"
("C:\Users\jrgonzalez\AppData\Local\Programs\MiKTeX 2.9\tex\latex\beamer\transl
ator\translator.sty"
Package: translator 2010/06/12 ver 1.10

("C:\Users\jrgonzalez\AppData\Local\Programs\MiKTeX 2.9\tex\latex\beamer\transl
ator\translator-language-mappings.tex")))
("C:\Users\jrgonzalez\AppData\Local\Programs\MiKTeX 2.9\tex\latex\beamer\beamer
basemisc.sty")
("C:\Users\jrgonzalez\AppData\Local\Programs\MiKTeX 2.9\tex\latex\beamer\beamer
basetwoscreens.sty")
("C:\Users\jrgonzalez\AppData\Local\Programs\MiKTeX 2.9\tex\latex\beamer\beamer
baseoverlay.sty"
\beamer@argscount=\count127
\beamer@lastskipcover=\skip44
\beamer@trivlistdepth=\count128
)
("C:\Users\jrgonzalez\AppData\Local\Programs\MiKTeX 2.9\tex\latex\beamer\beamer
basetitle.sty")
("C:\Users\jrgonzalez\AppData\Local\Programs\MiKTeX 2.9\tex\latex\beamer\beamer
basesection.sty"
\c@lecture=\count129
\c@part=\count130
\c@section=\count131
\c@subsection=\count132
\c@subsubsection=\count133
)
("C:\Users\jrgonzalez\AppData\Local\Programs\MiKTeX 2.9\tex\latex\beamer\beamer
baseframe.sty"
\beamer@framebox=\box40
\beamer@frametitlebox=\box41
\beamer@zoombox=\box42
\beamer@zoomcount=\count134
\beamer@zoomframecount=\count135
\beamer@frametextheight=\dimen168
\c@subsectionslide=\count136
\beamer@frametopskip=\skip45
\beamer@framebottomskip=\skip46
\beamer@frametopskipautobreak=\skip47
\beamer@framebottomskipautobreak=\skip48
\beamer@envbody=\toks27
\framewidth=\dimen169
\c@framenumber=\count137
)
("C:\Users\jrgonzalez\AppData\Local\Programs\MiKTeX 2.9\tex\latex\beamer\beamer
baseverbatim.sty"
\beamer@verbatimfileout=\write4
)
("C:\Users\jrgonzalez\AppData\Local\Programs\MiKTeX 2.9\tex\latex\beamer\beamer
baseframesize.sty"
\beamer@splitbox=\box43
\beamer@autobreakcount=\count138
\beamer@autobreaklastheight=\dimen170
\beamer@frametitletoks=\toks28
\beamer@framesubtitletoks=\toks29
)
("C:\Users\jrgonzalez\AppData\Local\Programs\MiKTeX 2.9\tex\latex\beamer\beamer
baseframecomponents.sty"
\beamer@footins=\box44
)
("C:\Users\jrgonzalez\AppData\Local\Programs\MiKTeX 2.9\tex\latex\beamer\beamer
basecolor.sty")
("C:\Users\jrgonzalez\AppData\Local\Programs\MiKTeX 2.9\tex\latex\beamer\beamer
basenotes.sty"
\beamer@frameboxcopy=\box45
)
("C:\Users\jrgonzalez\AppData\Local\Programs\MiKTeX 2.9\tex\latex\beamer\beamer
basetoc.sty")
("C:\Users\jrgonzalez\AppData\Local\Programs\MiKTeX 2.9\tex\latex\beamer\beamer
basetemplates.sty"
\beamer@sbttoks=\toks30

("C:\Users\jrgonzalez\AppData\Local\Programs\MiKTeX 2.9\tex\latex\beamer\beamer
baseauxtemplates.sty"
("C:\Users\jrgonzalez\AppData\Local\Programs\MiKTeX 2.9\tex\latex\beamer\beamer
baseboxes.sty"
\bmb@box=\box46
\bmb@colorbox=\box47
\bmb@boxshadow=\box48
\bmb@boxshadowball=\box49
\bmb@boxshadowballlarge=\box50
\bmb@temp=\dimen171
\bmb@dima=\dimen172
\bmb@dimb=\dimen173
\bmb@prevheight=\dimen174
)
\beamer@blockheadheight=\dimen175
))
("C:\Users\jrgonzalez\AppData\Local\Programs\MiKTeX 2.9\tex\latex\beamer\beamer
baselocalstructure.sty"
("C:\Users\jrgonzalez\AppData\Local\Programs\MiKTeX 2.9\tex\latex\tools\enumera
te.sty"
Package: enumerate 2015/07/23 v3.00 enumerate extensions (DPC)
\@enLab=\toks31
)
\c@figure=\count139
\c@table=\count140
\abovecaptionskip=\skip49
\belowcaptionskip=\skip50
)
("C:\Users\jrgonzalez\AppData\Local\Programs\MiKTeX 2.9\tex\latex\beamer\beamer
basenavigation.sty"
\beamer@section@min@dim=\dimen176
)
("C:\Users\jrgonzalez\AppData\Local\Programs\MiKTeX 2.9\tex\latex\beamer\beamer
basetheorems.sty"
("C:\Users\jrgonzalez\AppData\Local\Programs\MiKTeX 2.9\tex\latex\amsmath\amsma
th.sty"
Package: amsmath 2016/06/28 v2.15d AMS math features
\@mathmargin=\skip51

For additional information on amsmath, use the `?' option.

("C:\Users\jrgonzalez\AppData\Local\Programs\MiKTeX 2.9\tex\latex\amsmath\amste
xt.sty"
Package: amstext 2000/06/29 v2.01 AMS text

("C:\Users\jrgonzalez\AppData\Local\Programs\MiKTeX 2.9\tex\latex\amsmath\amsge
n.sty"
File: amsgen.sty 1999/11/30 v2.0 generic functions
\@emptytoks=\toks32
\ex@=\dimen177
))
("C:\Users\jrgonzalez\AppData\Local\Programs\MiKTeX 2.9\tex\latex\amsmath\amsbs
y.sty"
Package: amsbsy 1999/11/29 v1.2d Bold Symbols
\pmbraise@=\dimen178
)
("C:\Users\jrgonzalez\AppData\Local\Programs\MiKTeX 2.9\tex\latex\amsmath\amsop
n.sty"
Package: amsopn 2016/03/08 v2.02 operator names
)
\inf@bad=\count141
LaTeX Info: Redefining \frac on input line 199.
\uproot@=\count142
\leftroot@=\count143
LaTeX Info: Redefining \overline on input line 297.
\classnum@=\count144
\DOTSCASE@=\count145
LaTeX Info: Redefining \ldots on input line 394.
LaTeX Info: Redefining \dots on input line 397.
LaTeX Info: Redefining \cdots on input line 518.
\Mathstrutbox@=\box51
\strutbox@=\box52
\big@size=\dimen179
LaTeX Font Info:    Redeclaring font encoding OML on input line 634.
LaTeX Font Info:    Redeclaring font encoding OMS on input line 635.
\macc@depth=\count146
\c@MaxMatrixCols=\count147
\dotsspace@=\muskip11
\c@parentequation=\count148
\dspbrk@lvl=\count149
\tag@help=\toks33
\row@=\count150
\column@=\count151
\maxfields@=\count152
\andhelp@=\toks34
\eqnshift@=\dimen180
\alignsep@=\dimen181
\tagshift@=\dimen182
\tagwidth@=\dimen183
\totwidth@=\dimen184
\lineht@=\dimen185
\@envbody=\toks35
\multlinegap=\skip52
\multlinetaggap=\skip53
\mathdisplay@stack=\toks36
LaTeX Info: Redefining \[ on input line 2739.
LaTeX Info: Redefining \] on input line 2740.
)
("C:\Users\jrgonzalez\AppData\Local\Programs\MiKTeX 2.9\tex\latex\amscls\amsthm
.sty"
Package: amsthm 2015/03/04 v2.20.2
\thm@style=\toks37
\thm@bodyfont=\toks38
\thm@headfont=\toks39
\thm@notefont=\toks40
\thm@headpunct=\toks41
\thm@preskip=\skip54
\thm@postskip=\skip55
\thm@headsep=\skip56
\dth@everypar=\toks42
)
\c@theorem=\count153
)
("C:\Users\jrgonzalez\AppData\Local\Programs\MiKTeX 2.9\tex\latex\beamer\beamer
basethemes.sty"))
("C:\Users\jrgonzalez\AppData\Local\Programs\MiKTeX 2.9\tex\latex\beamer\themes
\theme\beamerthemedefault.sty"
("C:\Users\jrgonzalez\AppData\Local\Programs\MiKTeX 2.9\tex\latex\beamer\themes
\font\beamerfontthemedefault.sty")
("C:\Users\jrgonzalez\AppData\Local\Programs\MiKTeX 2.9\tex\latex\beamer\themes
\color\beamercolorthemedefault.sty")
("C:\Users\jrgonzalez\AppData\Local\Programs\MiKTeX 2.9\tex\latex\beamer\themes
\inner\beamerinnerthemedefault.sty"
\beamer@dima=\dimen186
\beamer@dimb=\dimen187
)
("C:\Users\jrgonzalez\AppData\Local\Programs\MiKTeX 2.9\tex\latex\beamer\themes
\outer\beamerouterthemedefault.sty")))
("C:\Users\jrgonzalez\AppData\Local\Programs\MiKTeX 2.9\tex\latex\framed\framed
.sty"
Package: framed 2011/10/22 v 0.96: framed or shaded text with page breaks
\OuterFrameSep=\skip57
\fb@frw=\dimen188
\fb@frh=\dimen189
\FrameRule=\dimen190
\FrameSep=\dimen191
)
("C:\Users\jrgonzalez\AppData\Local\Programs\MiKTeX 2.9\tex\latex\base\alltt.st
y"
Package: alltt 1997/06/16 v2.0g defines alltt environment
) (CREAL_slides.sty (Sweave.sty
Package: Sweave 

("C:\Users\jrgonzalez\AppData\Local\Programs\MiKTeX 2.9\tex\latex\base\ifthen.s
ty"
Package: ifthen 2014/09/29 v1.1c Standard LaTeX ifthen package (DPC)
)
("C:\Users\jrgonzalez\AppData\Local\Programs\MiKTeX 2.9\tex\latex\fancyvrb\fanc
yvrb.sty"
Package: fancyvrb 2008/02/07

Style option: `fancyvrb' v2.7a, with DG/SPQR fixes, and firstline=lastline fix 
<2008/02/07> (tvz)
\FV@CodeLineNo=\count154
\FV@InFile=\read2
\FV@TabBox=\box53
\c@FancyVerbLine=\count155
\FV@StepNumber=\count156
\FV@OutFile=\write5
)
("C:\Users\jrgonzalez\AppData\Local\Programs\MiKTeX 2.9\tex\latex\upquote\upquo
te.sty"
Package: upquote 2012/04/19 v1.3 upright-quote and grave-accent glyphs in verba
tim
))
("C:\Users\jrgonzalez\AppData\Local\Programs\MiKTeX 2.9\tex\latex\base\latexsym
.sty"
Package: latexsym 1998/08/17 v2.2e Standard LaTeX package (lasy symbols)
\symlasy=\mathgroup6
LaTeX Font Info:    Overwriting symbol font `lasy' in version `bold'
(Font)                  U/lasy/m/n --> U/lasy/b/n on input line 52.
)
("C:\Users\jrgonzalez\AppData\Local\Programs\MiKTeX 2.9\tex\latex\beamer\themes
\theme\beamerthemeWarsaw.sty"
("C:\Users\jrgonzalez\AppData\Local\Programs\MiKTeX 2.9\tex\latex\beamer\themes
\inner\beamerinnerthemerounded.sty")
("C:\Users\jrgonzalez\AppData\Local\Programs\MiKTeX 2.9\tex\latex\beamer\themes
\outer\beamerouterthemeshadow.sty"
("C:\Users\jrgonzalez\AppData\Local\Programs\MiKTeX 2.9\tex\latex\beamer\themes
\outer\beamerouterthemesplit.sty"))
("C:\Users\jrgonzalez\AppData\Local\Programs\MiKTeX 2.9\tex\latex\beamer\themes
\color\beamercolorthemeorchid.sty")
("C:\Users\jrgonzalez\AppData\Local\Programs\MiKTeX 2.9\tex\latex\beamer\themes
\color\beamercolorthemewhale.sty"))
("C:\Users\jrgonzalez\AppData\Local\Programs\MiKTeX 2.9\tex\latex\beamer\themes
\color\beamercolorthemestructure.sty")
("C:\Users\jrgonzalez\AppData\Local\Programs\MiKTeX 2.9\tex\latex\base\inputenc
.sty"
Package: inputenc 2015/03/17 v1.2c Input encoding file
\inpenc@prehook=\toks43
\inpenc@posthook=\toks44

("C:\Users\jrgonzalez\AppData\Local\Programs\MiKTeX 2.9\tex\latex\base\latin1.d
ef"
File: latin1.def 2015/03/17 v1.2c Input encoding file
))
("C:\Users\jrgonzalez\AppData\Local\Programs\MiKTeX 2.9\tex\latex\psnfss\times.
sty"
Package: times 2005/04/12 PSNFSS-v9.2a (SPQR) 
)
("C:\Users\jrgonzalez\AppData\Local\Programs\MiKTeX 2.9\tex\latex\base\fontenc.
sty"
Package: fontenc 2016/06/19 v1.99m Standard LaTeX package

("C:\Users\jrgonzalez\AppData\Local\Programs\MiKTeX 2.9\tex\latex\base\t1enc.de
f"
File: t1enc.def 2016/06/19 v1.99m Standard LaTeX file
LaTeX Font Info:    Redeclaring font encoding T1 on input line 48.
))
("C:\Users\jrgonzalez\AppData\Local\Programs\MiKTeX 2.9\tex\latex\wasysym\wasys
ym.sty"
Package: wasysym 2003/10/30 v2.0 Wasy-2 symbol support package
\symwasy=\mathgroup7
LaTeX Font Info:    Overwriting symbol font `wasy' in version `bold'
(Font)                  U/wasy/m/n --> U/wasy/b/n on input line 90.
)
("C:\Users\jrgonzalez\AppData\Local\Programs\MiKTeX 2.9\tex\latex\psnfss\pifont
.sty"
Package: pifont 2005/04/12 PSNFSS-v9.2a Pi font support (SPQR) 
LaTeX Font Info:    Try loading font information for U+pzd on input line 63.

("C:\Users\jrgonzalez\AppData\Local\Programs\MiKTeX 2.9\tex\latex\psnfss\upzd.f
d"
File: upzd.fd 2001/06/04 font definitions for U/pzd.
)
LaTeX Font Info:    Try loading font information for U+psy on input line 64.

("C:\Users\jrgonzalez\AppData\Local\Programs\MiKTeX 2.9\tex\latex\psnfss\upsy.f
d"
File: upsy.fd 2001/06/04 font definitions for U/psy.
))
("C:\Users\jrgonzalez\AppData\Local\Programs\MiKTeX 2.9\tex\latex\tools\dcolumn
.sty"
Package: dcolumn 2014/10/28 v1.06 decimal alignment package (DPC)

("C:\Users\jrgonzalez\AppData\Local\Programs\MiKTeX 2.9\tex\latex\tools\array.s
ty"
Package: array 2014/10/28 v2.4c Tabular extension package (FMi)
\col@sep=\dimen192
\extrarowheight=\dimen193
\NC@list=\toks45
\extratabsurround=\skip58
\backup@length=\skip59
))
("C:\Users\jrgonzalez\AppData\Local\Programs\MiKTeX 2.9\tex\latex\booktabs\book
tabs.sty"
Package: booktabs 2005/04/14 v1.61803 publication quality tables
\heavyrulewidth=\dimen194
\lightrulewidth=\dimen195
\cmidrulewidth=\dimen196
\belowrulesep=\dimen197
\belowbottomsep=\dimen198
\aboverulesep=\dimen199
\abovetopsep=\dimen256
\cmidrulesep=\dimen257
\cmidrulekern=\dimen258
\defaultaddspace=\dimen259
\@cmidla=\count157
\@cmidlb=\count158
\@aboverulesep=\dimen260
\@belowrulesep=\dimen261
\@thisruleclass=\count159
\@lastruleclass=\count160
\@thisrulewidth=\dimen262
)
("C:\Users\jrgonzalez\AppData\Local\Programs\MiKTeX 2.9\tex\latex\tools\multico
l.sty"
Package: multicol 2016/04/07 v1.8p multicolumn formatting (FMi)
\c@tracingmulticols=\count161
\mult@box=\box54
\multicol@leftmargin=\dimen263
\c@unbalance=\count162
\c@collectmore=\count163
\doublecol@number=\count164
\multicoltolerance=\count165
\multicolpretolerance=\count166
\full@width=\dimen264
\page@free=\dimen265
\premulticols=\dimen266
\postmulticols=\dimen267
\multicolsep=\skip60
\multicolbaselineskip=\skip61
\partial@page=\box55
\last@line=\box56
\maxbalancingoverflow=\dimen268
\mult@rightbox=\box57
\mult@grightbox=\box58
\mult@gfirstbox=\box59
\mult@firstbox=\box60
\@tempa=\box61
\@tempa=\box62
\@tempa=\box63
\@tempa=\box64
\@tempa=\box65
\@tempa=\box66
\@tempa=\box67
\@tempa=\box68
\@tempa=\box69
\@tempa=\box70
\@tempa=\box71
\@tempa=\box72
\@tempa=\box73
\@tempa=\box74
\@tempa=\box75
\@tempa=\box76
\@tempa=\box77
\c@columnbadness=\count167
\c@finalcolumnbadness=\count168
\last@try=\dimen269
\multicolovershoot=\dimen270
\multicolundershoot=\dimen271
\mult@nat@firstbox=\box78
\colbreak@box=\box79
\mc@col@check@num=\count169
)
("C:\Users\jrgonzalez\AppData\Local\Programs\MiKTeX 2.9\tex\latex\oberdiek\epst
opdf.sty"
Package: epstopdf 2016/05/15 v2.6 Conversion with epstopdf on the fly (HO)

("C:\Users\jrgonzalez\AppData\Local\Programs\MiKTeX 2.9\tex\latex\oberdiek\epst
opdf-base.sty"
Package: epstopdf-base 2016/05/15 v2.6 Base part for package epstopdf

("C:\Users\jrgonzalez\AppData\Local\Programs\MiKTeX 2.9\tex\latex\oberdiek\grfe
xt.sty"
Package: grfext 2016/05/16 v1.2 Manage graphics extensions (HO)
)
Package epstopdf-base Info: Redefining graphics rule for `.eps' on input line 4
38.
Package grfext Info: Graphics extension search list:
(grfext)             [.png,.pdf,.jpg,.mps,.jpeg,.jbig2,.jb2,.PNG,.PDF,.JPG,.JPE
G,.JBIG2,.JB2,.eps]
(grfext)             \AppendGraphicsExtensions on input line 456.
)))
("C:\Users\jrgonzalez\AppData\Local\Programs\MiKTeX 2.9\tex\latex\tools\calc.st
y"
Package: calc 2014/10/28 v4.3 Infix arithmetic (KKT,FJ)
\calc@Acount=\count170
\calc@Bcount=\count171
\calc@Adimen=\dimen272
\calc@Bdimen=\dimen273
\calc@Askip=\skip62
\calc@Bskip=\skip63
LaTeX Info: Redefining \setlength on input line 80.
LaTeX Info: Redefining \addtolength on input line 81.
\calc@Ccount=\count172
\calc@Cskip=\skip64
)
("C:\Users\jrgonzalez\AppData\Local\Programs\MiKTeX 2.9\tex\latex\enumitem\enum
item.sty"
Package: enumitem 2011/09/28 v3.5.2 Customized lists
\labelindent=\skip65
\enit@outerparindent=\dimen274
\enit@toks=\toks46
\enit@inbox=\box80
)
("C:\Users\jrgonzalez\AppData\Local\Programs\MiKTeX 2.9\tex\latex\float\float.s
ty"
Package: float 2001/11/08 v1.3d Float enhancements (AL)
\c@float@type=\count173
\float@exts=\toks47
\float@box=\box81
\@float@everytoks=\toks48
\@floatcapt=\box82
)
("C:\Users\jrgonzalez\AppData\Local\Programs\MiKTeX 2.9\tex\latex\subfig\subfig
.sty"
Package: subfig 2005/06/28 ver: 1.3 subfig package

("C:\Users\jrgonzalez\AppData\Local\Programs\MiKTeX 2.9\tex\latex\caption\capti
on.sty"
Package: caption 2016/02/21 v3.3-144 Customizing captions (AR)

("C:\Users\jrgonzalez\AppData\Local\Programs\MiKTeX 2.9\tex\latex\caption\capti
on3.sty"
Package: caption3 2016/05/22 v1.7-166 caption3 kernel (AR)
Package caption3 Info: TeX engine: e-TeX on input line 67.
\captionmargin=\dimen275
\captionmargin@=\dimen276
\captionwidth=\dimen277
\caption@tempdima=\dimen278
\caption@indent=\dimen279
\caption@parindent=\dimen280
\caption@hangindent=\dimen281
)
\c@ContinuedFloat=\count174
Package caption Info: beamer document class.
Package caption Info: float package is loaded.
Package caption Info: hyperref package is loaded.
Package caption Info: Hyperref support is turned off
(caption)             because hyperref has stopped early.
)
\c@KVtest=\count175
\sf@farskip=\skip66
\sf@captopadj=\dimen282
\sf@capskip=\skip67
\sf@nearskip=\skip68
\c@subfigure=\count176
\c@subfigure@save=\count177
\c@depth=\count178
\c@subtable=\count179
\c@subtable@save=\count180
\sf@top=\skip69
\sf@bottom=\skip70
) (Multi_Omic.aux)
\openout1 = `Multi_Omic.aux'.

LaTeX Font Info:    Checking defaults for OML/cmm/m/it on input line 82.
LaTeX Font Info:    ... okay on input line 82.
LaTeX Font Info:    Checking defaults for T1/cmr/m/n on input line 82.
LaTeX Font Info:    ... okay on input line 82.
LaTeX Font Info:    Checking defaults for OT1/cmr/m/n on input line 82.
LaTeX Font Info:    ... okay on input line 82.
LaTeX Font Info:    Checking defaults for OMS/cmsy/m/n on input line 82.
LaTeX Font Info:    ... okay on input line 82.
LaTeX Font Info:    Checking defaults for OMX/cmex/m/n on input line 82.
LaTeX Font Info:    ... okay on input line 82.
LaTeX Font Info:    Checking defaults for U/cmr/m/n on input line 82.
LaTeX Font Info:    ... okay on input line 82.
LaTeX Font Info:    Checking defaults for PD1/pdf/m/n on input line 82.
LaTeX Font Info:    ... okay on input line 82.
LaTeX Font Info:    Try loading font information for T1+phv on input line 82.

("C:\Users\jrgonzalez\AppData\Local\Programs\MiKTeX 2.9\tex\latex\psnfss\t1phv.
fd"
File: t1phv.fd 2001/06/04 scalable font definitions for T1/phv.
)
*geometry* driver: auto-detecting
*geometry* detected driver: pdftex
*geometry* verbose mode - [ preamble ] result:
* driver: pdftex
* paper: custom
* layout: <same size as paper>
* layoutoffset:(h,v)=(0.0pt,0.0pt)
* modes: includehead includefoot 
* h-part:(L,W,R)=(28.45274pt, 307.28987pt, 28.45274pt)
* v-part:(T,H,B)=(0.0pt, 273.14662pt, 0.0pt)
* \paperwidth=364.19536pt
* \paperheight=273.14662pt
* \textwidth=307.28987pt
* \textheight=244.6939pt
* \oddsidemargin=-43.81725pt
* \evensidemargin=-43.81725pt
* \topmargin=-72.26999pt
* \headheight=14.22636pt
* \headsep=0.0pt
* \topskip=10.0pt
* \footskip=14.22636pt
* \marginparwidth=3.0pt
* \marginparsep=11.0pt
* \columnsep=10.0pt
* \skip\footins=9.0pt plus 4.0pt minus 2.0pt
* \hoffset=0.0pt
* \voffset=0.0pt
* \mag=1000
* \@twocolumnfalse
* \@twosidefalse
* \@mparswitchfalse
* \@reversemarginfalse
* (1in=72.27pt=25.4mm, 1cm=28.453pt)


("C:\Users\jrgonzalez\AppData\Local\Programs\MiKTeX 2.9\tex\context\base\supp-p
df.mkii"
[Loading MPS to PDF converter (version 2006.09.02).]
\scratchcounter=\count181
\scratchdimen=\dimen283
\scratchbox=\box83
\nofMPsegments=\count182
\nofMParguments=\count183
\everyMPshowfont=\toks49
\MPscratchCnt=\count184
\MPscratchDim=\dimen284
\MPnumerator=\count185
\makeMPintoPDFobject=\count186
\everyMPtoPDFconversion=\toks50
) ABD: EveryShipout initializing macros
\AtBeginShipoutBox=\box84
Package hyperref Info: Link coloring OFF on input line 82.

("C:\Users\jrgonzalez\AppData\Local\Programs\MiKTeX 2.9\tex\latex\hyperref\name
ref.sty"
Package: nameref 2016/05/21 v2.44 Cross-referencing by name of section

("C:\Users\jrgonzalez\AppData\Local\Programs\MiKTeX 2.9\tex\generic\oberdiek\ge
ttitlestring.sty"
Package: gettitlestring 2016/05/16 v1.5 Cleanup title references (HO)
)
\c@section@level=\count187
)
LaTeX Info: Redefining \ref on input line 82.
LaTeX Info: Redefining \pageref on input line 82.
LaTeX Info: Redefining \nameref on input line 82.
 (Multi_Omic.out) (Multi_Omic.out)
\@outlinefile=\write6
\openout6 = `Multi_Omic.out'.

LaTeX Font Info:    Overwriting symbol font `operators' in version `normal'
(Font)                  OT1/cmr/m/n --> OT1/cmss/m/n on input line 82.
LaTeX Font Info:    Overwriting symbol font `operators' in version `bold'
(Font)                  OT1/cmr/bx/n --> OT1/cmss/bx/n on input line 82.
\symnumbers=\mathgroup8
\sympureletters=\mathgroup9
LaTeX Font Info:    Overwriting math alphabet `\mathrm' in version `normal'
(Font)                  OT1/cmss/m/n --> T1/ptm/m/n on input line 82.
LaTeX Font Info:    Redeclaring math alphabet \mathbf on input line 82.
LaTeX Font Info:    Overwriting math alphabet `\mathbf' in version `normal'
(Font)                  OT1/cmr/bx/n --> T1/phv/bx/n on input line 82.
LaTeX Font Info:    Overwriting math alphabet `\mathbf' in version `bold'
(Font)                  OT1/cmr/bx/n --> T1/phv/bx/n on input line 82.
LaTeX Font Info:    Redeclaring math alphabet \mathsf on input line 82.
LaTeX Font Info:    Overwriting math alphabet `\mathsf' in version `normal'
(Font)                  OT1/cmss/m/n --> T1/phv/m/n on input line 82.
LaTeX Font Info:    Overwriting math alphabet `\mathsf' in version `bold'
(Font)                  OT1/cmss/bx/n --> T1/phv/m/n on input line 82.
LaTeX Font Info:    Redeclaring math alphabet \mathit on input line 82.
LaTeX Font Info:    Overwriting math alphabet `\mathit' in version `normal'
(Font)                  OT1/cmr/m/it --> T1/phv/m/it on input line 82.
LaTeX Font Info:    Overwriting math alphabet `\mathit' in version `bold'
(Font)                  OT1/cmr/bx/it --> T1/phv/m/it on input line 82.
LaTeX Font Info:    Redeclaring math alphabet \mathtt on input line 82.
LaTeX Font Info:    Overwriting math alphabet `\mathtt' in version `normal'
(Font)                  OT1/cmtt/m/n --> T1/pcr/m/n on input line 82.
LaTeX Font Info:    Overwriting math alphabet `\mathtt' in version `bold'
(Font)                  OT1/cmtt/m/n --> T1/pcr/m/n on input line 82.
LaTeX Font Info:    Overwriting symbol font `numbers' in version `bold'
(Font)                  T1/phv/m/n --> T1/phv/bx/n on input line 82.
LaTeX Font Info:    Overwriting symbol font `pureletters' in version `bold'
(Font)                  T1/phv/m/it --> T1/phv/bx/it on input line 82.
LaTeX Font Info:    Overwriting math alphabet `\mathrm' in version `bold'
(Font)                  OT1/cmss/bx/n --> T1/ptm/bx/n on input line 82.
LaTeX Font Info:    Overwriting math alphabet `\mathbf' in version `bold'
(Font)                  T1/phv/bx/n --> T1/phv/bx/n on input line 82.
LaTeX Font Info:    Overwriting math alphabet `\mathsf' in version `bold'
(Font)                  T1/phv/m/n --> T1/phv/bx/n on input line 82.
LaTeX Font Info:    Overwriting math alphabet `\mathit' in version `bold'
(Font)                  T1/phv/m/it --> T1/phv/bx/it on input line 82.
LaTeX Font Info:    Overwriting math alphabet `\mathtt' in version `bold'
(Font)                  T1/pcr/m/n --> T1/pcr/bx/n on input line 82.

("C:\Users\jrgonzalez\AppData\Local\Programs\MiKTeX 2.9\tex\latex\beamer\transl
ator\dicts\translator-basic-dictionary\translator-basic-dictionary-English.dict
"
Dictionary: translator-basic-dictionary, Language: English 
)
("C:\Users\jrgonzalez\AppData\Local\Programs\MiKTeX 2.9\tex\latex\beamer\transl
ator\dicts\translator-bibliography-dictionary\translator-bibliography-dictionar
y-English.dict"
Dictionary: translator-bibliography-dictionary, Language: English 
)
("C:\Users\jrgonzalez\AppData\Local\Programs\MiKTeX 2.9\tex\latex\beamer\transl
ator\dicts\translator-environment-dictionary\translator-environment-dictionary-
English.dict"
Dictionary: translator-environment-dictionary, Language: English 
)
("C:\Users\jrgonzalez\AppData\Local\Programs\MiKTeX 2.9\tex\latex\beamer\transl
ator\dicts\translator-months-dictionary\translator-months-dictionary-English.di
ct"
Dictionary: translator-months-dictionary, Language: English 
)
("C:\Users\jrgonzalez\AppData\Local\Programs\MiKTeX 2.9\tex\latex\beamer\transl
ator\dicts\translator-numbers-dictionary\translator-numbers-dictionary-English.
dict"
Dictionary: translator-numbers-dictionary, Language: English 
)
("C:\Users\jrgonzalez\AppData\Local\Programs\MiKTeX 2.9\tex\latex\beamer\transl
ator\dicts\translator-theorem-dictionary\translator-theorem-dictionary-English.
dict"
Dictionary: translator-theorem-dictionary, Language: English 
)
LaTeX Info: Redefining \includegraphics on input line 82.
Package caption Info: Begin \AtBeginDocument code.
Package caption Info: subfig package v1.3 is loaded.
Package caption Info: End \AtBeginDocument code.
 (Multi_Omic.nav)
LaTeX Font Info:    Try loading font information for T1+pcr on input line 87.

("C:\Users\jrgonzalez\AppData\Local\Programs\MiKTeX 2.9\tex\latex\psnfss\t1pcr.
fd"
File: t1pcr.fd 2001/06/04 font definitions for T1/pcr.
)
LaTeX Font Info:    Try loading font information for U+msa on input line 87.

("C:\Users\jrgonzalez\AppData\Local\Programs\MiKTeX 2.9\tex\latex\amsfonts\umsa
.fd"
File: umsa.fd 2013/01/14 v3.01 AMS symbols A
)
LaTeX Font Info:    Try loading font information for U+msb on input line 87.

("C:\Users\jrgonzalez\AppData\Local\Programs\MiKTeX 2.9\tex\latex\amsfonts\umsb
.fd"
File: umsb.fd 2013/01/14 v3.01 AMS symbols B
)
LaTeX Font Info:    Try loading font information for U+lasy on input line 87.

("C:\Users\jrgonzalez\AppData\Local\Programs\MiKTeX 2.9\tex\latex\base\ulasy.fd
"
File: ulasy.fd 1998/08/17 v2.2e LaTeX symbol font definitions
)
LaTeX Font Info:    Try loading font information for U+wasy on input line 87.

("C:\Users\jrgonzalez\AppData\Local\Programs\MiKTeX 2.9\tex\latex\wasysym\uwasy
.fd"
File: uwasy.fd 2003/10/30 v2.0 Wasy-2 symbol font definitions
)
LaTeX Font Info:    Font shape `T1/phv/m/it' in size <7> not available
(Font)              Font shape `T1/phv/m/sl' tried instead on input line 87.
LaTeX Font Info:    Font shape `T1/phv/m/it' in size <5> not available
(Font)              Font shape `T1/phv/m/sl' tried instead on input line 87.
 <simbolCREALclar2.jpg, id=50, 798.1017pt x 784.6113pt>
File: simbolCREALclar2.jpg Graphic file (type jpg)

<use simbolCREALclar2.jpg>
Package pdftex.def Info: simbolCREALclar2.jpg used on input line 87.
(pdftex.def)             Requested size: 364.19536pt x 358.04028pt.
 [1{C:/Users/jrgonzalez/AppData/Local/MiKTeX/2.9/pdftex/config/pdftex.map}

 <./simbolCREALclar2.jpg>] (Multi_Omic.toc)
File: simbolCREALclar2.jpg Graphic file (type jpg)

<use simbolCREALclar2.jpg>
Package pdftex.def Info: simbolCREALclar2.jpg used on input line 89.
(pdftex.def)             Requested size: 364.19536pt x 358.04028pt.
 [2

] (Multi_Omic.toc)
File: simbolCREALclar2.jpg Graphic file (type jpg)
 <use simbolCREALclar2.jpg>
Package pdftex.def Info: simbolCREALclar2.jpg used on input line 94.
(pdftex.def)             Requested size: 364.19536pt x 358.04028pt.

[3

]
File: simbolCREALclar2.jpg Graphic file (type jpg)
 <use simbolCREALclar2.jpg>
Package pdftex.def Info: simbolCREALclar2.jpg used on input line 108.
(pdftex.def)             Requested size: 364.19536pt x 358.04028pt.
 [4

]
File: simbolCREALclar2.jpg Graphic file (type jpg)
 <use simbolCREALclar2.jpg>
Package pdftex.def Info: simbolCREALclar2.jpg used on input line 108.
(pdftex.def)             Requested size: 364.19536pt x 358.04028pt.
 [5

]
File: simbolCREALclar2.jpg Graphic file (type jpg)

<use simbolCREALclar2.jpg>
Package pdftex.def Info: simbolCREALclar2.jpg used on input line 108.
(pdftex.def)             Requested size: 364.19536pt x 358.04028pt.
 [6

]
<figures/general_omic_data.png, id=144, 720.7728pt x 456.2646pt>
File: figures/general_omic_data.png Graphic file (type png)

<use figures/general_omic_data.png>
Package pdftex.def Info: figures/general_omic_data.png used on input line 120.
(pdftex.def)             Requested size: 184.94392pt x 170.7159pt.
File: simbolCREALclar2.jpg Graphic file (type jpg)
 <use simbolCREALclar2.jpg>
Package pdftex.def Info: simbolCREALclar2.jpg used on input line 120.
(pdftex.def)             Requested size: 364.19536pt x 358.04028pt.
 [7

 <./figures/general_omic_data.png>]
<figures/supervised_multi_omic.png, id=158, 386.8854pt x 380.622pt>
File: figures/supervised_multi_omic.png Graphic file (type png)

<use figures/supervised_multi_omic.png>
Package pdftex.def Info: figures/supervised_multi_omic.png used on input line 1
31.
(pdftex.def)             Requested size: 170.72008pt x 170.72075pt.
File: simbolCREALclar2.jpg Graphic file (type jpg)
 <use simbolCREALclar2.jpg>
Package pdftex.def Info: simbolCREALclar2.jpg used on input line 131.
(pdftex.def)             Requested size: 364.19536pt x 358.04028pt.
 [8

 <./figures/supervised_multi_omic.png>]
File: simbolCREALclar2.jpg Graphic file (type jpg)
 <use simbolCREALclar2.jpg>
Package pdftex.def Info: simbolCREALclar2.jpg used on input line 157.
(pdftex.def)             Requested size: 364.19536pt x 358.04028pt.
 [9

]
File: simbolCREALclar2.jpg Graphic file (type jpg)

<use simbolCREALclar2.jpg>
Package pdftex.def Info: simbolCREALclar2.jpg used on input line 166.
(pdftex.def)             Requested size: 364.19536pt x 358.04028pt.
 [10

] (Multi_Omic.toc)
File: simbolCREALclar2.jpg Graphic file (type jpg)
 <use simbolCREALclar2.jpg>
Package pdftex.def Info: simbolCREALclar2.jpg used on input line 171.
(pdftex.def)             Requested size: 364.19536pt x 358.04028pt.

[11

]
File: simbolCREALclar2.jpg Graphic file (type jpg)
 <use simbolCREALclar2.jpg>
Package pdftex.def Info: simbolCREALclar2.jpg used on input line 181.
(pdftex.def)             Requested size: 364.19536pt x 358.04028pt.
 [12

]
File: simbolCREALclar2.jpg Graphic file (type jpg)
 <use simbolCREALclar2.jpg>
Package pdftex.def Info: simbolCREALclar2.jpg used on input line 203.
(pdftex.def)             Requested size: 364.19536pt x 358.04028pt.
 [13

]
File: simbolCREALclar2.jpg Graphic file (type jpg)

<use simbolCREALclar2.jpg>
Package pdftex.def Info: simbolCREALclar2.jpg used on input line 203.
(pdftex.def)             Requested size: 364.19536pt x 358.04028pt.
 [14

]
<figures/multi_staged_1.pdf, id=238, 599.84097pt x 845.55902pt>
File: figures/multi_staged_1.pdf Graphic file (type pdf)

<use figures/multi_staged_1.pdf>
Package pdftex.def Info: figures/multi_staged_1.pdf used on input line 214.
(pdftex.def)             Requested size: 199.16545pt x 312.98096pt.

<figures/multi_staged_2.pdf, id=239, 599.84097pt x 845.55902pt>
File: figures/multi_staged_2.pdf Graphic file (type pdf)

<use figures/multi_staged_2.pdf>
Package pdftex.def Info: figures/multi_staged_2.pdf used on input line 214.
(pdftex.def)             Requested size: 199.16545pt x 312.98096pt.

Overfull \hbox (91.04103pt too wide) in paragraph at lines 214--214
 [][] 
 []


Overfull \vbox (153.93356pt too high) detected at line 214
 []

File: simbolCREALclar2.jpg Graphic file (type jpg)
<use simbolCREALclar2.jpg>
Package pdftex.def Info: simbolCREALclar2.jpg used on input line 214.
(pdftex.def)             Requested size: 364.19536pt x 358.04028pt.
 [15

 <./figures/multi_staged_1.pdf> <./figures/multi_staged_2.pdf>]
<figures/multi_staged_example_1.pdf, id=264, 599.84097pt x 845.55902pt>
File: figures/multi_staged_example_1.pdf Graphic file (type pdf)

<use figures/multi_staged_example_1.pdf>
Package pdftex.def Info: figures/multi_staged_example_1.pdf used on input line 
223.
(pdftex.def)             Requested size: 227.62158pt x 284.53166pt.

Overfull \vbox (89.98428pt too high) detected at line 223
 []

File: simbolCREALclar2.jpg Graphic file (type jpg)
<use simbolCREALclar2.jpg>
Package pdftex.def Info: simbolCREALclar2.jpg used on input line 223.
(pdftex.def)             Requested size: 364.19536pt x 358.04028pt.
 [16

 <./figures/multi_staged_example_1.pdf>]
<figures/multi_staged_example_3.jpg, id=282, 316.18124pt x 386.94562pt>
File: figures/multi_staged_example_3.jpg Graphic file (type jpg)

<use figures/multi_staged_example_3.jpg>
Package pdftex.def Info: figures/multi_staged_example_3.jpg used on input line 
232.
(pdftex.def)             Requested size: 128.03822pt x 170.71713pt.
File: simbolCREALclar2.jpg Graphic file (type jpg)
 <use simbolCREALclar2.jpg>
Package pdftex.def Info: simbolCREALclar2.jpg used on input line 232.
(pdftex.def)             Requested size: 364.19536pt x 358.04028pt.
 [17

 <./figures/multi_staged_example_3.jpg>]
LaTeX Font Info:    Font shape `T1/phv/m/it' in size <10> not available
(Font)              Font shape `T1/phv/m/sl' tried instead on input line 247.
File: simbolCREALclar2.jpg Graphic file (type jpg)
 <use simbolCREALclar2.jpg>
Package pdftex.def Info: simbolCREALclar2.jpg used on input line 247.
(pdftex.def)             Requested size: 364.19536pt x 358.04028pt.
 [18

]
<figures/mendelian_randomization.png, id=308, 296.10625pt x 171.64125pt>
File: figures/mendelian_randomization.png Graphic file (type png)

<use figures/mendelian_randomization.png>
Package pdftex.def Info: figures/mendelian_randomization.png used on input line
 258.
(pdftex.def)             Requested size: 170.72061pt x 99.5834pt.
File: simbolCREALclar2.jpg Graphic file (type jpg)
 <use simbolCREALclar2.jpg>
Package pdftex.def Info: simbolCREALclar2.jpg used on input line 258.
(pdftex.def)             Requested size: 364.19536pt x 358.04028pt.
 [19

 <./figures/mendelian_randomization.png>]
<figures/CIT.png, id=321, 597.432pt x 398.4486pt>
File: figures/CIT.png Graphic file (type png)
 <use figures/CIT.png>
Package pdftex.def Info: figures/CIT.png used on input line 267.
(pdftex.def)             Requested size: 213.398pt x 170.71548pt.
File: simbolCREALclar2.jpg Graphic file (type jpg)

<use simbolCREALclar2.jpg>
Package pdftex.def Info: simbolCREALclar2.jpg used on input line 267.
(pdftex.def)             Requested size: 364.19536pt x 358.04028pt.
 [20

 <./figures/CIT.png>]
<figures/roadmap.jpg, id=333, 589.4522pt x 438.8897pt>
File: figures/roadmap.jpg Graphic file (type jpg)

<use figures/roadmap.jpg>
Package pdftex.def Info: figures/roadmap.jpg used on input line 276.
(pdftex.def)             Requested size: 184.94089pt x 213.397pt.

Overfull \vbox (18.84962pt too high) detected at line 276
 []

File: simbolCREALclar2.jpg Graphic file (type jpg)
<use simbolCREALclar2.jpg>
Package pdftex.def Info: simbolCREALclar2.jpg used on input line 276.
(pdftex.def)             Requested size: 364.19536pt x 358.04028pt.
 [21

 <./figures/roadmap.jpg>]
File: simbolCREALclar2.jpg Graphic file (type jpg)

<use simbolCREALclar2.jpg>
Package pdftex.def Info: simbolCREALclar2.jpg used on input line 294.
(pdftex.def)             Requested size: 364.19536pt x 358.04028pt.
 [22

]
<figures/roadmap_utility.jpg, id=354, 596.2275pt x 394.47375pt>
File: figures/roadmap_utility.jpg Graphic file (type jpg)

<use figures/roadmap_utility.jpg>
Package pdftex.def Info: figures/roadmap_utility.jpg used on input line 303.
(pdftex.def)             Requested size: 184.93779pt x 213.39185pt.

Overfull \vbox (18.84447pt too high) detected at line 303
 []

File: simbolCREALclar2.jpg Graphic file (type jpg)
<use simbolCREALclar2.jpg>
Package pdftex.def Info: simbolCREALclar2.jpg used on input line 303.
(pdftex.def)             Requested size: 364.19536pt x 358.04028pt.
 [23

 <./figures/roadmap_utility.jpg>]
<figures/t2d.jpg, id=365, 683.55376pt x 430.60875pt>
File: figures/t2d.jpg Graphic file (type jpg)
 <use figures/t2d.jpg>
Package pdftex.def Info: figures/t2d.jpg used on input line 313.
(pdftex.def)             Requested size: 184.93747pt x 213.39838pt.

Overfull \vbox (18.851pt too high) detected at line 313
 []

File: simbolCREALclar2.jpg Graphic file (type jpg)
<use simbolCREALclar2.jpg>
Package pdftex.def Info: simbolCREALclar2.jpg used on input line 313.
(pdftex.def)             Requested size: 364.19536pt x 358.04028pt.
 [24

 <./figures/t2d.jpg>]
<figures/t2d_roadmap.jpg, id=376, 366.61969pt x 443.40656pt>
File: figures/t2d_roadmap.jpg Graphic file (type jpg)

<use figures/t2d_roadmap.jpg>
Package pdftex.def Info: figures/t2d_roadmap.jpg used on input line 323.
(pdftex.def)             Requested size: 184.94289pt x 213.40105pt.

Overfull \vbox (18.85367pt too high) detected at line 323
 []

File: simbolCREALclar2.jpg Graphic file (type jpg)
<use simbolCREALclar2.jpg>
Package pdftex.def Info: simbolCREALclar2.jpg used on input line 323.
(pdftex.def)             Requested size: 364.19536pt x 358.04028pt.
 [25

 <./figures/t2d_roadmap.jpg>]
\openout4 = `Multi_Omic.vrb'.

 (Multi_Omic.vrb
LaTeX Font Info:    Font shape `T1/pcr/bx/n' in size <8> not available
(Font)              Font shape `T1/pcr/b/n' tried instead on input line 7.

Overfull \hbox (28.71034pt too wide) in paragraph at lines 8--8
[][]\T1/pcr/m/n/8 x[] []<-[] []\T1/pcr/b/n/8 queryHaploreg[][]\T1/pcr/m/n/8 ([]
[]query[][]=[][]\T1/pcr/b/n/8 c[][]\T1/pcr/m/n/8 ([][]\T1/pcr/b/n/8 c[][]\T1/pc
r/m/n/8 ([][]"rs11810571"[][],[] []"rs7623687"[][],[] []"rs142695226"[][],[][] 

 []


Overfull \hbox (19.11034pt too wide) in paragraph at lines 9--9
[]                             []\T1/pcr/m/n/8 "rs433903"[][],[] []"rs10857147"
[][],[] []"rs11723436"[][],[][] 
 []


Overfull \hbox (23.91034pt too wide) in paragraph at lines 10--10
[]                             []\T1/pcr/m/n/8 "rs35879803"[][],[] []"rs3554199
1"[][],[] []"rs1351525"[][],[][] 
 []


Overfull \hbox (19.11034pt too wide) in paragraph at lines 11--11
[]                             []\T1/pcr/m/n/8 "rs11170820"[][],[] []"rs2244608
"[][],[] []"rs3832966"[][],[][] 
 []


Overfull \hbox (38.31035pt too wide) in paragraph at lines 12--12
[]                             []\T1/pcr/m/n/8 "rs33928862"[][],[] []"rs7500448
"[][],[] []"rs138120077"[][])))[][] 
 []

)
File: simbolCREALclar2.jpg Graphic file (type jpg)
 <use simbolCREALclar2.jpg>
Package pdftex.def Info: simbolCREALclar2.jpg used on input line 342.
(pdftex.def)             Requested size: 364.19536pt x 358.04028pt.
 [26

]
\openout4 = `Multi_Omic.vrb'.

 (Multi_Omic.vrb
Overfull \hbox (86.31038pt too wide) in paragraph at lines 28--28
[]\T1/pcr/m/n/8 ##    pos_hg38  rsID       Motifs             gwas  GENCODE_nam
e Enhancer_histone~[] 
 []


Overfull \hbox (28.71034pt too wide) in paragraph at lines 28--28
[]\T1/pcr/m/n/8 ##    <fct>     <fct>      <fct>              <fct> <fct>      
  <fct>[] 
 []


Overfull \hbox (14.31033pt too wide) in paragraph at lines 28--28
[]\T1/pcr/m/n/8 ##  1 75148524  rs10138183 Nanog_disc2        .     TMED10     
  ""[] 
 []


Overfull \hbox (14.31033pt too wide) in paragraph at lines 28--28
[]\T1/pcr/m/n/8 ##  2 75166305  rs10149880 ERalpha-a_disc2;H~ .     TMED10     
  ""[] 
 []


Overfull \hbox (14.31033pt too wide) in paragraph at lines 28--28
[]\T1/pcr/m/n/8 ##  3 75139089  rs1047418  Irf_disc5;RBP-Jka~ .     TMED10     
  ""[] 
 []


Overfull \hbox (14.31033pt too wide) in paragraph at lines 28--28
[]\T1/pcr/m/n/8 ##  4 22606797  rs10485012 AP-4_1;Nkx2_11;Nk~ .     RP1-309H15.
2 ""[] 
 []


Overfull \hbox (14.31033pt too wide) in paragraph at lines 28--28
[]\T1/pcr/m/n/8 ##  5 145859799 rs10519748 .                  .     ZNF827     
  ""[] 
 []


Overfull \hbox (14.31033pt too wide) in paragraph at lines 28--28
[]\T1/pcr/m/n/8 ##  6 151773603 rs1054479  Hoxa13;Pou2f2_kno~ .     TDRKH      
  ""[] 
 []


Overfull \hbox (14.31033pt too wide) in paragraph at lines 28--28
[]\T1/pcr/m/n/8 ##  7 151788316 rs10788809 Foxj2_1;SP1_disc1  .     TDRKH      
  ""[] 
 []


Overfull \hbox (14.31033pt too wide) in paragraph at lines 28--28
[]\T1/pcr/m/n/8 ##  8 13266391  rs10832011 Pax-4_1            .     ARNTL      
  ""[] 
 []


Overfull \hbox (14.31033pt too wide) in paragraph at lines 28--28
[]\T1/pcr/m/n/8 ##  9 13271701  rs10832012 CTCF_disc10;Foxp1  .     ARNTL      
  ""[] 
 []


Overfull \hbox (14.31033pt too wide) in paragraph at lines 28--28
[]\T1/pcr/m/n/8 ## 10 13273806  rs10832013 DMRT2;HDAC2_disc6~ .     ARNTL      
  ""[] 
 []

)
Overfull \vbox (37.10457pt too high) detected at line 376
 []

File: simbolCREALclar2.jpg Graphic file (type jpg)
<use simbolCREALclar2.jpg>
Package pdftex.def Info: simbolCREALclar2.jpg used on input line 376.
(pdftex.def)             Requested size: 364.19536pt x 358.04028pt.
 [27

]
\openout4 = `Multi_Omic.vrb'.

 (Multi_Omic.vrb
Overfull \hbox (86.31038pt too wide) in paragraph at lines 26--26
[]\T1/pcr/m/n/8 ##  1 rs10138183 GTEx2015_v6,Adipose_Subcutaneous,EIF2B2,3.3770
2382515779e-19;GTE~[] 
 []


Overfull \hbox (86.31038pt too wide) in paragraph at lines 26--26
[]\T1/pcr/m/n/8 ##  2 rs10149880 GTEx2015_v6,Adipose_Subcutaneous,EIF2B2,5.4951
2183025963e-19;GTE~[] 
 []


Overfull \hbox (86.31038pt too wide) in paragraph at lines 26--26
[]\T1/pcr/m/n/8 ##  3 rs1047418  GTEx2015_v6,Adipose_Subcutaneous,EIF2B2,1.1929
5941493875e-19;GTE~[] 
 []


Overfull \hbox (28.71034pt too wide) in paragraph at lines 26--26
[]\T1/pcr/m/n/8 ##  5 rs10519748 GTEx2015_v6,Artery_Tibial,ZNF827,8.66029894589
802e-06[] 
 []


Overfull \hbox (86.31038pt too wide) in paragraph at lines 26--26
[]\T1/pcr/m/n/8 ##  6 rs1054479  GTEx2015_v6,Adipose_Subcutaneous,RP11-98D18.9,
2.12743689194852e-~[] 
 []


Overfull \hbox (86.31038pt too wide) in paragraph at lines 26--26
[]\T1/pcr/m/n/8 ##  7 rs10788809 GTEx2015_v6,Adipose_Subcutaneous,RP11-98D18.9,
1.163639396113e-06~[] 
 []


Overfull \hbox (86.31038pt too wide) in paragraph at lines 26--26
[]\T1/pcr/m/n/8 ##  8 rs10832011 GTEx2015_v6,Whole_Blood,ARNTL,1.99939890886288
e-10;Lappalainen20~[] 
 []


Overfull \hbox (14.31033pt too wide) in paragraph at lines 26--26
[]\T1/pcr/m/n/8 ##  9 rs10832012 GTEx2015_v6,Whole_Blood,ARNTL,8.81903348679608
e-09[] 
 []


Overfull \hbox (86.31038pt too wide) in paragraph at lines 26--26
[]\T1/pcr/m/n/8 ## 10 rs10832013 GTEx2015_v6,Whole_Blood,ARNTL,8.8679461832997e
-11;Lappalainen201~[] 
 []

)
File: simbolCREALclar2.jpg Graphic file (type jpg)
 <use simbolCREALclar2.jpg>
Package pdftex.def Info: simbolCREALclar2.jpg used on input line 408.
(pdftex.def)             Requested size: 364.19536pt x 358.04028pt.
 [28

] (Multi_Omic.toc)
File: simbolCREALclar2.jpg Graphic file (type jpg)
 <use simbolCREALclar2.jpg>
Package pdftex.def Info: simbolCREALclar2.jpg used on input line 414.
(pdftex.def)             Requested size: 364.19536pt x 358.04028pt.

[29

]
File: simbolCREALclar2.jpg Graphic file (type jpg)
 <use simbolCREALclar2.jpg>
Package pdftex.def Info: simbolCREALclar2.jpg used on input line 425.
(pdftex.def)             Requested size: 364.19536pt x 358.04028pt.
 [30

]
<figures/meta_dimensional.jpg, id=449, 949.5475pt x 671.50874pt>
File: figures/meta_dimensional.jpg Graphic file (type jpg)

<use figures/meta_dimensional.jpg>
Package pdftex.def Info: figures/meta_dimensional.jpg used on input line 436.
(pdftex.def)             Requested size: 170.70833pt x 199.16924pt.

Overfull \vbox (4.62186pt too high) detected at line 436
 []

File: simbolCREALclar2.jpg Graphic file (type jpg)
<use simbolCREALclar2.jpg>
Package pdftex.def Info: simbolCREALclar2.jpg used on input line 436.
(pdftex.def)             Requested size: 364.19536pt x 358.04028pt.
 [31

 <./figures/meta_dimensional.jpg>]
<figures/pca_example.jpg, id=463, 244.915pt x 207.77625pt>
File: figures/pca_example.jpg Graphic file (type jpg)

<use figures/pca_example.jpg>
Package pdftex.def Info: figures/pca_example.jpg used on input line 458.
(pdftex.def)             Requested size: 142.26753pt x 142.26878pt.
File: simbolCREALclar2.jpg Graphic file (type jpg)
 <use simbolCREALclar2.jpg>
Package pdftex.def Info: simbolCREALclar2.jpg used on input line 458.
(pdftex.def)             Requested size: 364.19536pt x 358.04028pt.
 [32

 <./figures/pca_example.jpg>]
\openout4 = `Multi_Omic.vrb'.

 (Multi_Omic.vrb)
File: simbolCREALclar2.jpg Graphic file (type jpg)
 <use simbolCREALclar2.jpg>
Package pdftex.def Info: simbolCREALclar2.jpg used on input line 473.
(pdftex.def)             Requested size: 364.19536pt x 358.04028pt.
 [33

]
\openout4 = `Multi_Omic.vrb'.

 (Multi_Omic.vrb
<figure/plot_pca_1-1.pdf, id=490, 505.89pt x 505.89pt>
File: figure/plot_pca_1-1.pdf Graphic file (type pdf)

<use figure/plot_pca_1-1.pdf>
Package pdftex.def Info: figure/plot_pca_1-1.pdf used on input line 6.
(pdftex.def)             Requested size: 144.54pt x 144.54294pt.
)
File: simbolCREALclar2.jpg Graphic file (type jpg)
 <use simbolCREALclar2.jpg>
Package pdftex.def Info: simbolCREALclar2.jpg used on input line 488.
(pdftex.def)             Requested size: 364.19536pt x 358.04028pt.
 [34

 <./figure/plot_pca_1-1.pdf>]
\openout4 = `Multi_Omic.vrb'.

 (Multi_Omic.vrb
<figure/plot_pca_2-1.pdf, id=508, 505.89pt x 505.89pt>
File: figure/plot_pca_2-1.pdf Graphic file (type pdf)

<use figure/plot_pca_2-1.pdf>
Package pdftex.def Info: figure/plot_pca_2-1.pdf used on input line 6.
(pdftex.def)             Requested size: 144.54pt x 144.54294pt.
)
File: simbolCREALclar2.jpg Graphic file (type jpg)
 <use simbolCREALclar2.jpg>
Package pdftex.def Info: simbolCREALclar2.jpg used on input line 503.
(pdftex.def)             Requested size: 364.19536pt x 358.04028pt.
 [35

 <./figure/plot_pca_2-1.pdf>]
\openout4 = `Multi_Omic.vrb'.

 (Multi_Omic.vrb
<figure/plot_pca_3-1.pdf, id=526, 505.89pt x 505.89pt>
File: figure/plot_pca_3-1.pdf Graphic file (type pdf)

<use figure/plot_pca_3-1.pdf>
Package pdftex.def Info: figure/plot_pca_3-1.pdf used on input line 6.
(pdftex.def)             Requested size: 144.54pt x 144.54294pt.
)
File: simbolCREALclar2.jpg Graphic file (type jpg)
 <use simbolCREALclar2.jpg>
Package pdftex.def Info: simbolCREALclar2.jpg used on input line 519.
(pdftex.def)             Requested size: 364.19536pt x 358.04028pt.
 [36

 <./figure/plot_pca_3-1.pdf>]
\openout4 = `Multi_Omic.vrb'.

 (Multi_Omic.vrb
<figure/plot_pca_4-1.pdf, id=544, 505.89pt x 505.89pt>
File: figure/plot_pca_4-1.pdf Graphic file (type pdf)

<use figure/plot_pca_4-1.pdf>
Package pdftex.def Info: figure/plot_pca_4-1.pdf used on input line 6.
(pdftex.def)             Requested size: 144.54pt x 144.54294pt.
)
File: simbolCREALclar2.jpg Graphic file (type jpg)
 <use simbolCREALclar2.jpg>
Package pdftex.def Info: simbolCREALclar2.jpg used on input line 537.
(pdftex.def)             Requested size: 364.19536pt x 358.04028pt.
 [37

 <./figure/plot_pca_4-1.pdf>]
\openout4 = `Multi_Omic.vrb'.

 (Multi_Omic.vrb
<figure/plot_pca_5-1.pdf, id=563, 505.89pt x 505.89pt>
File: figure/plot_pca_5-1.pdf Graphic file (type pdf)

<use figure/plot_pca_5-1.pdf>
Package pdftex.def Info: figure/plot_pca_5-1.pdf used on input line 8.
(pdftex.def)             Requested size: 144.54pt x 144.54294pt.
)
File: simbolCREALclar2.jpg Graphic file (type jpg)
 <use simbolCREALclar2.jpg>
Package pdftex.def Info: simbolCREALclar2.jpg used on input line 555.
(pdftex.def)             Requested size: 364.19536pt x 358.04028pt.
 [38

 <./figure/plot_pca_5-1.pdf>]
\openout4 = `Multi_Omic.vrb'.

 (Multi_Omic.vrb)
File: simbolCREALclar2.jpg Graphic file (type jpg)
 <use simbolCREALclar2.jpg>
Package pdftex.def Info: simbolCREALclar2.jpg used on input line 571.
(pdftex.def)             Requested size: 364.19536pt x 358.04028pt.
 [39

] (Multi_Omic.vrb)
File: simbolCREALclar2.jpg Graphic file (type jpg)

<use simbolCREALclar2.jpg>
Package pdftex.def Info: simbolCREALclar2.jpg used on input line 571.
(pdftex.def)             Requested size: 364.19536pt x 358.04028pt.
 [40

] (Multi_Omic.vrb)
File: simbolCREALclar2.jpg Graphic file (type jpg)
 <use simbolCREALclar2.jpg>
Package pdftex.def Info: simbolCREALclar2.jpg used on input line 571.
(pdftex.def)             Requested size: 364.19536pt x 358.04028pt.

[41

] (Multi_Omic.vrb)
File: simbolCREALclar2.jpg Graphic file (type jpg)
 <use simbolCREALclar2.jpg>
Package pdftex.def Info: simbolCREALclar2.jpg used on input line 571.
(pdftex.def)             Requested size: 364.19536pt x 358.04028pt.
 [42

]
\openout4 = `Multi_Omic.vrb'.

 (Multi_Omic.vrb)
File: simbolCREALclar2.jpg Graphic file (type jpg)

<use simbolCREALclar2.jpg>
Package pdftex.def Info: simbolCREALclar2.jpg used on input line 581.
(pdftex.def)             Requested size: 364.19536pt x 358.04028pt.
 [43

]
Overfull \hbox (63.49005pt too wide) in paragraph at lines 594--594
\T1/pcr/m/n/10 https://tcga-data.nci.nih.gov/docs/publications/brca_2012/\T1/ph
v/m/n/10 .  
 []

File: simbolCREALclar2.jpg Graphic file (type jpg)
<use simbolCREALclar2.jpg>
Package pdftex.def Info: simbolCREALclar2.jpg used on input line 594.
(pdftex.def)             Requested size: 364.19536pt x 358.04028pt.
 [44

]
\openout4 = `Multi_Omic.vrb'.

 (Multi_Omic.vrb)
File: simbolCREALclar2.jpg Graphic file (type jpg)
 <use simbolCREALclar2.jpg>
Package pdftex.def Info: simbolCREALclar2.jpg used on input line 620.
(pdftex.def)             Requested size: 364.19536pt x 358.04028pt.

[45

]
\openout4 = `Multi_Omic.vrb'.

 (Multi_Omic.vrb)
File: simbolCREALclar2.jpg Graphic file (type jpg)
 <use simbolCREALclar2.jpg>
Package pdftex.def Info: simbolCREALclar2.jpg used on input line 646.
(pdftex.def)             Requested size: 364.19536pt x 358.04028pt.
 [46

]
\openout4 = `Multi_Omic.vrb'.

 (Multi_Omic.vrb)
File: simbolCREALclar2.jpg Graphic file (type jpg)

<use simbolCREALclar2.jpg>
Package pdftex.def Info: simbolCREALclar2.jpg used on input line 673.
(pdftex.def)             Requested size: 364.19536pt x 358.04028pt.
 [47

]
\openout4 = `Multi_Omic.vrb'.

 (Multi_Omic.vrb
<figure/pca_plot-1.pdf, id=690, 505.89pt x 505.89pt>
File: figure/pca_plot-1.pdf Graphic file (type pdf)

<use figure/pca_plot-1.pdf>
Package pdftex.def Info: figure/pca_plot-1.pdf used on input line 5.
(pdftex.def)             Requested size: 156.49014pt x 156.49234pt.
)
File: simbolCREALclar2.jpg Graphic file (type jpg)
 <use simbolCREALclar2.jpg>
Package pdftex.def Info: simbolCREALclar2.jpg used on input line 683.
(pdftex.def)             Requested size: 364.19536pt x 358.04028pt.
 [48

 <./figure/pca_plot-1.pdf>]
\openout4 = `Multi_Omic.vrb'.

 (Multi_Omic.vrb)
File: simbolCREALclar2.jpg Graphic file (type jpg)
 <use simbolCREALclar2.jpg>
Package pdftex.def Info: simbolCREALclar2.jpg used on input line 699.
(pdftex.def)             Requested size: 364.19536pt x 358.04028pt.
 [49

]
\openout4 = `Multi_Omic.vrb'.

 (Multi_Omic.vrb
<figure/projections_plot-1.pdf, id=721, 505.89pt x 505.89pt>
File: figure/projections_plot-1.pdf Graphic file (type pdf)

<use figure/projections_plot-1.pdf>
Package pdftex.def Info: figure/projections_plot-1.pdf used on input line 5.
(pdftex.def)             Requested size: 156.49014pt x 156.49234pt.
)
File: simbolCREALclar2.jpg Graphic file (type jpg)
 <use simbolCREALclar2.jpg>
Package pdftex.def Info: simbolCREALclar2.jpg used on input line 711.
(pdftex.def)             Requested size: 364.19536pt x 358.04028pt.
 [50

 <./figure/projections_plot-1.pdf>]
\openout4 = `Multi_Omic.vrb'.

 (Multi_Omic.vrb)
File: simbolCREALclar2.jpg Graphic file (type jpg)
 <use simbolCREALclar2.jpg>
Package pdftex.def Info: simbolCREALclar2.jpg used on input line 742.
(pdftex.def)             Requested size: 364.19536pt x 358.04028pt.
 [51

]
\openout4 = `Multi_Omic.vrb'.


(Multi_Omic.vrb)
File: simbolCREALclar2.jpg Graphic file (type jpg)
 <use simbolCREALclar2.jpg>
Package pdftex.def Info: simbolCREALclar2.jpg used on input line 767.
(pdftex.def)             Requested size: 364.19536pt x 358.04028pt.
 [52

]
\openout4 = `Multi_Omic.vrb'.

 (Multi_Omic.vrb
LaTeX Font Info:    Font shape `T1/pcr/bx/n' in size <7> not available
(Font)              Font shape `T1/pcr/b/n' tried instead on input line 6.
)
File: simbolCREALclar2.jpg Graphic file (type jpg)

<use simbolCREALclar2.jpg>
Package pdftex.def Info: simbolCREALclar2.jpg used on input line 803.
(pdftex.def)             Requested size: 364.19536pt x 358.04028pt.
 [53

]
\openout4 = `Multi_Omic.vrb'.

 (Multi_Omic.vrb
<figure/sPCA_plot-1.pdf, id=775, 505.89pt x 505.89pt>
File: figure/sPCA_plot-1.pdf Graphic file (type pdf)

<use figure/sPCA_plot-1.pdf>
Package pdftex.def Info: figure/sPCA_plot-1.pdf used on input line 11.
(pdftex.def)             Requested size: 144.54pt x 144.54294pt.
)
File: simbolCREALclar2.jpg Graphic file (type jpg)
 <use simbolCREALclar2.jpg>
Package pdftex.def Info: simbolCREALclar2.jpg used on input line 823.
(pdftex.def)             Requested size: 364.19536pt x 358.04028pt.
 [54

 <./figure/sPCA_plot-1.pdf>]
\openout4 = `Multi_Omic.vrb'.

 (Multi_Omic.vrb
Overfull \hbox (3.5099pt too wide) in paragraph at lines 16--16
[]\T1/pcr/m/n/7 ##       FSIP1      ROPN1B     SLC44A4       ROPN1       FOXA1 
    SCGB2A2[] 
 []


Overfull \hbox (3.5099pt too wide) in paragraph at lines 16--16
[]\T1/pcr/m/n/7 ##  0.12976786 -0.20047758  0.09854402 -0.22180706  0.35283734 
 0.02914304[] 
 []


Overfull \hbox (3.5099pt too wide) in paragraph at lines 16--16
[]\T1/pcr/m/n/7 ##        CA12     HORMAD1        TFF3      ABCC11        ESR1 
       AGR3[] 
 []


Overfull \hbox (3.5099pt too wide) in paragraph at lines 16--16
[]\T1/pcr/m/n/7 ##  0.08389962 -0.11978720  0.01092539  0.01843790  0.26810418 
 0.69491639[] 
 []


Overfull \hbox (3.5099pt too wide) in paragraph at lines 23--23
[]\T1/pcr/m/n/7 ##  [1] "ROPN1B"  "ROPN1"   "FOXA1"   "SFRP1"   "ESR1"    "AGR3
"    "AGR2"[] 
 []

)
File: simbolCREALclar2.jpg Graphic file (type jpg)
 <use simbolCREALclar2.jpg>
Package pdftex.def Info: simbolCREALclar2.jpg used on input line 852.
(pdftex.def)             Requested size: 364.19536pt x 358.04028pt.
 [55

]
<figures/multi_example.jpg, id=806, 235.66304pt x 133.14961pt>
File: figures/multi_example.jpg Graphic file (type jpg)

<use figures/multi_example.jpg>
Package pdftex.def Info: figures/multi_example.jpg used on input line 870.
(pdftex.def)             Requested size: 170.72006pt x 156.49956pt.
File: simbolCREALclar2.jpg Graphic file (type jpg)
 <use simbolCREALclar2.jpg>
Package pdftex.def Info: simbolCREALclar2.jpg used on input line 870.
(pdftex.def)             Requested size: 364.19536pt x 358.04028pt.
 [56

 <./figures/multi_example.jpg>]
File: simbolCREALclar2.jpg Graphic file (type jpg)
 <use simbolCREALclar2.jpg>
Package pdftex.def Info: simbolCREALclar2.jpg used on input line 886.
(pdftex.def)             Requested size: 364.19536pt x 358.04028pt.
 [57

]
File: simbolCREALclar2.jpg Graphic file (type jpg)
 <use simbolCREALclar2.jpg>
Package pdftex.def Info: simbolCREALclar2.jpg used on input line 886.
(pdftex.def)             Requested size: 364.19536pt x 358.04028pt.

[58

]
File: simbolCREALclar2.jpg Graphic file (type jpg)
 <use simbolCREALclar2.jpg>
Package pdftex.def Info: simbolCREALclar2.jpg used on input line 886.
(pdftex.def)             Requested size: 364.19536pt x 358.04028pt.
 [59

]
File: simbolCREALclar2.jpg Graphic file (type jpg)
 <use simbolCREALclar2.jpg>
Package pdftex.def Info: simbolCREALclar2.jpg used on input line 886.
(pdftex.def)             Requested size: 364.19536pt x 358.04028pt.
 [60

]
File: simbolCREALclar2.jpg Graphic file (type jpg)

<use simbolCREALclar2.jpg>
Package pdftex.def Info: simbolCREALclar2.jpg used on input line 904.
(pdftex.def)             Requested size: 364.19536pt x 358.04028pt.
 [61

]
File: simbolCREALclar2.jpg Graphic file (type jpg)
 <use simbolCREALclar2.jpg>
Package pdftex.def Info: simbolCREALclar2.jpg used on input line 916.
(pdftex.def)             Requested size: 364.19536pt x 358.04028pt.
 [62

]
<figures/canonical_correlation.jpg, id=891, 320.19624pt x 158.5925pt>
File: figures/canonical_correlation.jpg Graphic file (type jpg)

<use figures/canonical_correlation.jpg>
Package pdftex.def Info: figures/canonical_correlation.jpg used on input line 9
36.
(pdftex.def)             Requested size: 170.71944pt x 99.5871pt.
File: simbolCREALclar2.jpg Graphic file (type jpg)
 <use simbolCREALclar2.jpg>
Package pdftex.def Info: simbolCREALclar2.jpg used on input line 936.
(pdftex.def)             Requested size: 364.19536pt x 358.04028pt.
 [63

 <./figures/canonical_correlation.jpg>]
File: simbolCREALclar2.jpg Graphic file (type jpg)
 <use simbolCREALclar2.jpg>
Package pdftex.def Info: simbolCREALclar2.jpg used on input line 949.
(pdftex.def)             Requested size: 364.19536pt x 358.04028pt.
 [64

]
<figures/mCCA.png, id=916, 606.76688pt x 295.85532pt>
File: figures/mCCA.png Graphic file (type png)
 <use figures/mCCA.png>
Package pdftex.def Info: figures/mCCA.png used on input line 961.
(pdftex.def)             Requested size: 227.62035pt x 142.26625pt.
File: simbolCREALclar2.jpg Graphic file (type jpg)

<use simbolCREALclar2.jpg>
Package pdftex.def Info: simbolCREALclar2.jpg used on input line 961.
(pdftex.def)             Requested size: 364.19536pt x 358.04028pt.
 [65

 <./figures/mCCA.png>]
File: simbolCREALclar2.jpg Graphic file (type jpg)

<use simbolCREALclar2.jpg>
Package pdftex.def Info: simbolCREALclar2.jpg used on input line 974.
(pdftex.def)             Requested size: 364.19536pt x 358.04028pt.
 [66

]
\openout4 = `Multi_Omic.vrb'.

 (Multi_Omic.vrb)
File: simbolCREALclar2.jpg Graphic file (type jpg)
 <use simbolCREALclar2.jpg>
Package pdftex.def Info: simbolCREALclar2.jpg used on input line 1029.
(pdftex.def)             Requested size: 364.19536pt x 358.04028pt.

[67

]
\openout4 = `Multi_Omic.vrb'.

 (Multi_Omic.vrb <figure/plot_rcc_out-1.pdf, id=954, 867.24pt x 505.89pt>
File: figure/plot_rcc_out-1.pdf Graphic file (type pdf)

<use figure/plot_rcc_out-1.pdf>
Package pdftex.def Info: figure/plot_rcc_out-1.pdf used on input line 6.
(pdftex.def)             Requested size: 144.54pt x 84.30963pt.
)
File: simbolCREALclar2.jpg Graphic file (type jpg)
 <use simbolCREALclar2.jpg>
Package pdftex.def Info: simbolCREALclar2.jpg used on input line 1045.
(pdftex.def)             Requested size: 364.19536pt x 358.04028pt.
 [68

 <./figure/plot_rcc_out-1.pdf>]
\openout4 = `Multi_Omic.vrb'.

 (Multi_Omic.vrb
Overfull \hbox (23.91034pt too wide) in paragraph at lines 18--18
[]                        []\T1/pcr/m/n/8 ncomponents[][]=[][]1[][],[] []trace[
][]=[][]FALSE[][],[] []standardize[][]=[][]TRUE[][])[][] 
 []

)
File: simbolCREALclar2.jpg Graphic file (type jpg)
 <use simbolCREALclar2.jpg>
Package pdftex.def Info: simbolCREALclar2.jpg used on input line 1073.
(pdftex.def)             Requested size: 364.19536pt x 358.04028pt.
 [69

]
\openout4 = `Multi_Omic.vrb'.

 (Multi_Omic.vrb)
File: simbolCREALclar2.jpg Graphic file (type jpg)
 <use simbolCREALclar2.jpg>
Package pdftex.def Info: simbolCREALclar2.jpg used on input line 1108.
(pdftex.def)             Requested size: 364.19536pt x 358.04028pt.

[70

]
\openout4 = `Multi_Omic.vrb'.

 (Multi_Omic.vrb)
File: simbolCREALclar2.jpg Graphic file (type jpg)
 <use simbolCREALclar2.jpg>
Package pdftex.def Info: simbolCREALclar2.jpg used on input line 1142.
(pdftex.def)             Requested size: 364.19536pt x 358.04028pt.
 [71

]
\openout4 = `Multi_Omic.vrb'.

 (Multi_Omic.vrb
<figure/plot_cia-1.pdf, id=1008, 505.89pt x 505.89pt>
File: figure/plot_cia-1.pdf Graphic file (type pdf)

<use figure/plot_cia-1.pdf>
Package pdftex.def Info: figure/plot_cia-1.pdf used on input line 5.
(pdftex.def)             Requested size: 170.71652pt x 170.71892pt.
)
File: simbolCREALclar2.jpg Graphic file (type jpg)
 <use simbolCREALclar2.jpg>
Package pdftex.def Info: simbolCREALclar2.jpg used on input line 1154.
(pdftex.def)             Requested size: 364.19536pt x 358.04028pt.
 [72

 <./figure/plot_cia-1.pdf>]
\openout4 = `Multi_Omic.vrb'.

 (Multi_Omic.vrb)
File: simbolCREALclar2.jpg Graphic file (type jpg)
 <use simbolCREALclar2.jpg>
Package pdftex.def Info: simbolCREALclar2.jpg used on input line 1178.
(pdftex.def)             Requested size: 364.19536pt x 358.04028pt.
 [73

]
\openout4 = `Multi_Omic.vrb'.

 (Multi_Omic.vrb)
File: simbolCREALclar2.jpg Graphic file (type jpg)

<use simbolCREALclar2.jpg>
Package pdftex.def Info: simbolCREALclar2.jpg used on input line 1203.
(pdftex.def)             Requested size: 364.19536pt x 358.04028pt.
 [74

]
\openout4 = `Multi_Omic.vrb'.

 (Multi_Omic.vrb
Overfull \hbox (33.51035pt too wide) in paragraph at lines 18--18
[]     []\T1/pcr/m/n/8 df.color[][]=[][]\T1/pcr/b/n/8 c[][]\T1/pcr/m/n/8 ([][]"
cyan"[][],[] []"magenta"[][],[] []"red4"[][],[] []"brown"[][],[][]"yellow"[][],
[] []"orange"[][]),[][] 
 []

)
File: simbolCREALclar2.jpg Graphic file (type jpg)
 <use simbolCREALclar2.jpg>
Package pdftex.def Info: simbolCREALclar2.jpg used on input line 1229.
(pdftex.def)             Requested size: 364.19536pt x 358.04028pt.
 [75

]
\openout4 = `Multi_Omic.vrb'.

 (Multi_Omic.vrb
<figure/plot_mcia-1.pdf, id=1063, 505.89pt x 505.89pt>
File: figure/plot_mcia-1.pdf Graphic file (type pdf)

<use figure/plot_mcia-1.pdf>
Package pdftex.def Info: figure/plot_mcia-1.pdf used on input line 5.
(pdftex.def)             Requested size: 156.49014pt x 156.49234pt.
)
File: simbolCREALclar2.jpg Graphic file (type jpg)
 <use simbolCREALclar2.jpg>
Package pdftex.def Info: simbolCREALclar2.jpg used on input line 1240.
(pdftex.def)             Requested size: 364.19536pt x 358.04028pt.
 [76

 <./figure/plot_mcia-1.pdf>]
\openout4 = `Multi_Omic.vrb'.

 (Multi_Omic.vrb
Overfull \hbox (57.51036pt too wide) in paragraph at lines 24--24
[]\T1/pcr/m/n/8 ##                ax1_miRNA_positive ax1_RNAseq_positive ax1_Me
thyl_positive[] 
 []


Overfull \hbox (57.51036pt too wide) in paragraph at lines 24--24
[]\T1/pcr/m/n/8 ## 1 hsa.mir.4254.MIMAT0016884.miRNA         AGR3.RNAseq   cg08
097882.Methyl[] 
 []


Overfull \hbox (57.51036pt too wide) in paragraph at lines 24--24
[]\T1/pcr/m/n/8 ## 2 hsa.mir.3945.MIMAT0018361.miRNA        FOXA1.RNAseq   cg09
952204.Methyl[] 
 []


Overfull \hbox (57.51036pt too wide) in paragraph at lines 24--24
[]\T1/pcr/m/n/8 ## 3 hsa.mir.302b.MIMAT0000715.miRNA         ESR1.RNAseq   cg04
988423.Methyl[] 
 []


Overfull \hbox (57.51036pt too wide) in paragraph at lines 24--24
[]\T1/pcr/m/n/8 ## 4 hsa.mir.1265.MIMAT0005918.miRNA         AGR2.RNAseq   cg00
679738.Methyl[] 
 []


Overfull \hbox (57.51036pt too wide) in paragraph at lines 24--24
[]\T1/pcr/m/n/8 ## 5 hsa.mir.3171.MIMAT0015046.miRNA      C1orf64.RNAseq   cg12
601757.Methyl[] 
 []

)
File: simbolCREALclar2.jpg Graphic file (type jpg)
 <use simbolCREALclar2.jpg>
Package pdftex.def Info: simbolCREALclar2.jpg used on input line 1269.
(pdftex.def)             Requested size: 364.19536pt x 358.04028pt.
 [77

]
\openout4 = `Multi_Omic.vrb'.

 (Multi_Omic.vrb
<figure/plot_eigen-1.pdf, id=1093, 505.89pt x 505.89pt>
File: figure/plot_eigen-1.pdf Graphic file (type pdf)

<use figure/plot_eigen-1.pdf>
Package pdftex.def Info: figure/plot_eigen-1.pdf used on input line 16.
(pdftex.def)             Requested size: 156.49014pt x 156.49234pt.
)
Overfull \vbox (14.57289pt too high) detected at line 1292
 []

File: simbolCREALclar2.jpg Graphic file (type jpg)
<use simbolCREALclar2.jpg>
Package pdftex.def Info: simbolCREALclar2.jpg used on input line 1292.
(pdftex.def)             Requested size: 364.19536pt x 358.04028pt.
 [78

 <./figure/plot_eigen-1.pdf>]
LaTeX Font Info:    Font shape `T1/phv/bx/n' in size <10> not available
(Font)              Font shape `T1/phv/b/n' tried instead on input line 1311.
File: simbolCREALclar2.jpg Graphic file (type jpg)

<use simbolCREALclar2.jpg>
Package pdftex.def Info: simbolCREALclar2.jpg used on input line 1311.
(pdftex.def)             Requested size: 364.19536pt x 358.04028pt.
 [79

]
File: simbolCREALclar2.jpg Graphic file (type jpg)
 <use simbolCREALclar2.jpg>
Package pdftex.def Info: simbolCREALclar2.jpg used on input line 1324.
(pdftex.def)             Requested size: 364.19536pt x 358.04028pt.
 [80

] (Multi_Omic.toc)
File: simbolCREALclar2.jpg Graphic file (type jpg)
 <use simbolCREALclar2.jpg>
Package pdftex.def Info: simbolCREALclar2.jpg used on input line 1327.
(pdftex.def)             Requested size: 364.19536pt x 358.04028pt.
 [81

]
File: simbolCREALclar2.jpg Graphic file (type jpg)
 <use simbolCREALclar2.jpg>
Package pdftex.def Info: simbolCREALclar2.jpg used on input line 1343.
(pdftex.def)             Requested size: 364.19536pt x 358.04028pt.
 [82

]
\tf@nav=\write7
\openout7 = `Multi_Omic.nav'.

\tf@toc=\write8
\openout8 = `Multi_Omic.toc'.

\tf@snm=\write9
\openout9 = `Multi_Omic.snm'.

Package atveryend Info: Empty hook `BeforeClearDocument' on input line 1347.
Package atveryend Info: Empty hook `AfterLastShipout' on input line 1347.

(Multi_Omic.aux)
Package atveryend Info: Executing hook `AtVeryEndDocument' on input line 1347.
Package atveryend Info: Executing hook `AtEndAfterFileList' on input line 1347.

Package rerunfilecheck Info: File `Multi_Omic.out' has not changed.
(rerunfilecheck)             Checksum: DE7626453251B6733E17447DD0F522E4;403.
 ) 
Here is how much of TeX's memory you used:
 20761 strings out of 493333
 396068 string characters out of 3127972
 463950 words of memory out of 3000000
 23475 multiletter control sequences out of 15000+200000
 41516 words of font info for 64 fonts, out of 3000000 for 9000
 1141 hyphenation exceptions out of 8191
 56i,19n,65p,867b,666s stack positions out of 5000i,500n,10000p,200000b,50000s
{C:/Users/jrgonzalez/AppData/Local/Programs/MiKTeX 2.9/fonts/enc/dvips/base/8
r.enc}<C:/Users/jrgonzalez/AppData/Local/Programs/MiKTeX 2.9/fonts/type1/public
/amsfonts/cm/cmmi10.pfb><C:/Users/jrgonzalez/AppData/Local/Programs/MiKTeX 2.9/
fonts/type1/public/amsfonts/cm/cmss10.pfb><C:/Users/jrgonzalez/AppData/Local/Pr
ograms/MiKTeX 2.9/fonts/type1/public/amsfonts/cm/cmsy10.pfb><C:/Users/jrgonzale
z/AppData/Local/Programs/MiKTeX 2.9/fonts/type1/urw/courier/ucrb8a.pfb><C:/User
s/jrgonzalez/AppData/Local/Programs/MiKTeX 2.9/fonts/type1/urw/courier/ucrr8a.p
fb><C:/Users/jrgonzalez/AppData/Local/Programs/MiKTeX 2.9/fonts/type1/urw/helve
tic/uhvr8a.pfb><C:/Users/jrgonzalez/AppData/Local/Programs/MiKTeX 2.9/fonts/typ
e1/urw/helvetic/uhvro8a.pfb>
Output written on Multi_Omic.pdf (82 pages, 6657351 bytes).
PDF statistics:
 1224 PDF objects out of 1440 (max. 8388607)
 171 named destinations out of 1000 (max. 500000)
 307 words of extra memory for PDF output out of 10000 (max. 10000000)

